Templates:
[0, nova-api] [-] (OS_NUMBER) accepted ('OS_IP', OS_NUMBER)
[1, nova-api] [-] Starting new HTTP connection (OS_NUMBER): OS_IP
[2, nova-api] [req-OS_UUID OS_UUID_PLAIN OS_UUID_PLAIN] OS_IP "GET /vOS_NUMBER/OS_UUID_PLAIN/images HTTP/OS_NUMBER" status: OS_NUMBER len: OS_NUMBER time: OS_NUMBER
[3, nova-compute] [-] Auditing locally available compute resources
[4, nova-compute] [-] Free ram (MB): OS_NUMBER
[5, nova-compute] [-] Free disk (GB): OS_NUMBER
[6, nova-compute] [-] Free VCPUS: OS_NUMBER
[7, nova-api] [req-OS_UUID OS_UUID_PLAIN OS_UUID_PLAIN] OS_IP "GET /vOS_NUMBER/OS_UUID_PLAIN/images/OS_UUID HTTP/OS_NUMBER" status: OS_NUMBER len: OS_NUMBER time: OS_NUMBER
[8, nova-compute] [-] Compute_service record updated for OS_IP:OS_IP
[9, nova-api] [req-OS_UUID OS_UUID_PLAIN OS_UUID_PLAIN] OS_IP "GET /vOS_NUMBER/OS_UUID_PLAIN/flavors/OS_NUMBER HTTP/OS_NUMBER" status: OS_NUMBER len: OS_NUMBER time: OS_NUMBER
[10, nova-api] [req-OS_UUID OS_UUID_PLAIN OS_UUID_PLAIN] OS_IP "POST /vOS_NUMBER/OS_UUID_PLAIN/servers HTTP/OS_NUMBER" status: OS_NUMBER len: OS_NUMBER time: OS_NUMBER
[11, nova-scheduler] [req-OS_UUID OS_UUID_PLAIN OS_UUID_PLAIN] Attempting to build OS_NUMBER instance(s) uuids: [u'OS_UUID']
[12, nova-scheduler] [req-OS_UUID OS_UUID_PLAIN OS_UUID_PLAIN] Choosing host WeighedHost [host: OS_IP, weight: OS_NUMBER] for instance OS_UUID
[13, nova-api] [req-OS_UUID OS_UUID_PLAIN OS_UUID_PLAIN] OS_IP "GET /vOS_NUMBER/OS_UUID_PLAIN/servers/OS_UUID HTTP/OS_NUMBER" status: OS_NUMBER len: OS_NUMBER time: OS_NUMBER
[14, nova-compute] [req-OS_UUID OS_UUID_PLAIN OS_UUID_PLAIN] [instance: OS_UUID] Starting instance...
[15, nova-compute] [req-OS_UUID OS_UUID_PLAIN OS_UUID_PLAIN] [instance: OS_UUID] Attempting claim: memory OS_NUMBER MB, disk OS_NUMBER GB, VCPUs OS_NUMBER
[16, nova-compute] [req-OS_UUID OS_UUID_PLAIN OS_UUID_PLAIN] [instance: OS_UUID] Memory limit not specified, defaulting to unlimited
[17, nova-compute] [req-OS_UUID OS_UUID_PLAIN OS_UUID_PLAIN] [instance: OS_UUID] Total Memory: OS_NUMBER MB, used: OS_NUMBER MB
[18, nova-compute] [req-OS_UUID OS_UUID_PLAIN OS_UUID_PLAIN] [instance: OS_UUID] Total Disk: OS_NUMBER GB, used: OS_NUMBER GB
[19, nova-compute] [req-OS_UUID OS_UUID_PLAIN OS_UUID_PLAIN] [instance: OS_UUID] Disk limit not specified, defaulting to unlimited
[20, nova-compute] [req-OS_UUID OS_UUID_PLAIN OS_UUID_PLAIN] [instance: OS_UUID] CPU limit not specified, defaulting to unlimited
[21, nova-compute] [req-OS_UUID OS_UUID_PLAIN OS_UUID_PLAIN] [instance: OS_UUID] Total CPU: OS_NUMBER VCPUs, used: OS_NUMBER VCPUs
[22, nova-compute] [req-OS_UUID OS_UUID_PLAIN OS_UUID_PLAIN] [instance: OS_UUID] Claim successful
[23, nova-compute] [-] [instance: OS_UUID] No network configured!
[24, nova-compute] [req-OS_UUID OS_UUID_PLAIN OS_UUID_PLAIN] [instance: OS_UUID] Creating image
[25, nova-compute] [-] Lifecycle event OS_NUMBER on VM OS_UUID
[26, nova-compute] [-] [instance: OS_UUID] Instance spawned successfully.
[27, nova-compute] [-] image OS_UUID at (/var/lib/nova/instances/_base/OS_UUID_PLAINOS_NUMBERcbfOS_NUMBER): checking
[28, nova-compute] [-] image OS_UUID at (/var/lib/nova/instances/_base/OS_UUID_PLAINOS_NUMBERcbfOS_NUMBER): in use: on this node OS_NUMBER local, OS_NUMBER on other nodes sharing this instance storage
[29, nova-compute] [-] Active base files: /var/lib/nova/instances/_base/OS_UUID_PLAINOS_NUMBERcbfOS_NUMBER
[30, nova-compute] [-] Updating bandwidth usage cache
[31, nova-compute] [-] Number of call waiters is greater than warning threshhold: OS_NUMBER. There could be a MulticallProxyWaiter leak.
[32, nova-compute] [req-OS_UUID OS_UUID_PLAIN OS_UUID_PLAIN] Number of call waiters is greater than warning threshhold: OS_NUMBER. There could be a MulticallProxyWaiter leak.
[33, nova-compute] [-] [instance: OS_UUID] During sync_power_state the instance has a pending task. Skip.
[34, nova-compute] [-] Found OS_NUMBER in the database and OS_NUMBER on the hypervisor.
[35, nova-compute] [-] Removable base files: /var/lib/nova/instances/_base/OS_UUID_PLAINOS_NUMBERcbfOS_NUMBER
[36, nova-compute] [-] Unknown base file: /var/lib/nova/instances/_base/OS_UUID_PLAINOS_NUMBERcbfOS_NUMBER
[37, nova-compute] [-] Base file too young to remove: /var/lib/nova/instances/_base/OS_UUID_PLAINOS_NUMBERcbfOS_NUMBER

Message Sequences:
[24] (0, 1, 2, 7, 9, 10, 11, 12, 13, 9, 14, 7, 15, 17, 16, 18, 19, 21, 20, 22, 23, 24, 25, 26, 3, 4, 5, 6, 8, -1)
[24] (0, 1, 2, 7, 9, 10, 11, 12, 13, 14, 9, 7, 15, 17, 16, 18, 19, 21, 20, 22, 23, 24, 25, 26, 3, 4, 5, 6, 8, -1)
[15] (0, 1, 2, 7, 9, 10, 11, 12, 13, 9, 14, 7, 15, 17, 16, 18, 19, 20, 21, 22, 23, 24, 25, 26, 3, 4, 5, 6, 8, -1)
[12] (0, 1, 2, 7, 9, 10, 11, 12, 13, 9, 14, 7, 15, 17, 16, 18, 19, 21, 20, 22, 23, 24, 25, 26, 3, 4, 6, 5, 8, -1)
[11] (0, 1, 2, 7, 9, 10, 11, 12, 13, 9, 14, 7, 15, 17, 16, 19, 18, 21, 20, 22, 23, 24, 25, 26, 3, 4, 5, 6, 8, -1)
[11] (0, 1, 2, 7, 9, 10, 11, 12, 13, 9, 14, 7, 15, 17, 16, 18, 19, 21, 20, 22, 23, 24, 25, 26, 3, 5, 4, 6, 8, -1)
[10] (0, 1, 2, 7, 9, 10, 11, 12, 13, 9, 14, 7, 15, 17, 16, 19, 18, 20, 21, 22, 23, 24, 25, 26, 3, 4, 5, 6, 8, -1)
[8] (0, 1, 2, 7, 9, 10, 11, 12, 13, 9, 14, 7, 15, 17, 18, 16, 19, 21, 20, 22, 23, 24, 25, 26, 3, 4, 5, 6, 8, -1)
[8] (0, 1, 2, 7, 9, 10, 11, 12, 13, 14, 9, 7, 15, 17, 16, 18, 19, 20, 21, 22, 23, 24, 25, 26, 3, 4, 5, 6, 8, -1)
[8] (0, 1, 2, 7, 9, 10, 11, 12, 13, 14, 9, 7, 15, 17, 18, 16, 19, 21, 20, 22, 23, 24, 25, 26, 3, 4, 5, 6, 8, -1)
[8] (0, 1, 2, 7, 9, 10, 11, 12, 13, 9, 14, 7, 15, 16, 17, 18, 19, 21, 20, 22, 23, 24, 25, 26, 3, 4, 6, 5, 8, -1)
[7] (0, 1, 2, 7, 9, 10, 11, 12, 13, 14, 9, 7, 15, 16, 17, 18, 19, 21, 20, 22, 23, 24, 25, 26, 3, 4, 5, 6, 8, -1)
[7] (0, 1, 2, 7, 9, 10, 11, 12, 13, 14, 9, 7, 15, 17, 18, 16, 21, 19, 20, 22, 23, 24, 25, 26, 3, 4, 5, 6, 8, -1)
[7] (0, 1, 2, 7, 9, 10, 11, 12, 13, 9, 14, 7, 15, 17, 16, 19, 18, 21, 20, 22, 23, 24, 25, 26, 3, 4, 6, 5, 8, -1)
[7] (0, 1, 2, 7, 9, 10, 11, 12, 13, 9, 14, 7, 15, 17, 16, 18, 19, 20, 21, 22, 23, 24, 25, 26, 3, 4, 6, 5, 8, -1)
[7] (0, 1, 2, 7, 9, 10, 11, 12, 13, 9, 14, 7, 15, 17, 16, 18, 21, 19, 20, 22, 23, 24, 25, 26, 3, 4, 5, 6, 8, -1)
[6] (0, 1, 2, 7, 9, 10, 11, 12, 13, 14, 9, 7, 15, 16, 17, 18, 19, 21, 20, 22, 23, 24, 25, 26, 3, 4, 6, 5, 8, -1)
[6] (0, 1, 2, 7, 9, 10, 11, 12, 13, 9, 14, 7, 15, 16, 17, 19, 18, 20, 21, 22, 23, 24, 25, 26, 3, 4, 5, 6, 8, -1)
[6] (0, 1, 2, 7, 9, 10, 11, 12, 13, 9, 14, 7, 15, 17, 16, 18, 21, 19, 20, 22, 23, 24, 25, 26, 3, 4, 6, 5, 8, -1)
[6] (0, 1, 2, 7, 9, 10, 11, 12, 13, 9, 14, 7, 15, 17, 16, 18, 21, 19, 22, 20, 23, 24, 25, 26, 3, 4, 5, 6, 8, -1)
[6] (0, 1, 2, 7, 9, 10, 11, 12, 13, 9, 14, 7, 15, 16, 17, 18, 19, 21, 20, 22, 23, 24, 25, 26, 3, 4, 5, 6, 8, -1)
[6] (0, 1, 2, 7, 9, 10, 11, 12, 13, 9, 14, 7, 17, 15, 16, 18, 19, 21, 20, 22, 23, 24, 25, 26, 3, 4, 5, 6, 8, -1)
[6] (0, 1, 2, 7, 9, 10, 11, 12, 13, 14, 9, 7, 15, 16, 17, 19, 18, 21, 20, 22, 23, 24, 25, 26, 3, 4, 5, 6, 8, -1)
[6] (0, 1, 2, 7, 9, 10, 11, 12, 13, 14, 9, 7, 15, 17, 16, 19, 18, 21, 20, 22, 23, 24, 25, 26, 3, 4, 5, 6, 8, -1)
[6] (0, 1, 2, 7, 9, 10, 11, 12, 13, 9, 14, 7, 15, 16, 17, 18, 19, 21, 20, 22, 23, 24, 25, 26, 3, 5, 4, 6, 8, -1)
[5] (0, 1, 2, 7, 9, 10, 11, 12, 13, 9, 14, 7, 15, 16, 17, 19, 18, 21, 20, 22, 23, 24, 25, 26, 3, 4, 5, 6, 8, -1)
[5] (0, 1, 2, 7, 9, 10, 11, 12, 13, 9, 14, 7, 15, 17, 18, 16, 21, 19, 20, 22, 23, 24, 25, 26, 3, 4, 5, 6, 8, -1)
[5] (0, 1, 2, 7, 9, 10, 11, 12, 13, 9, 14, 7, 15, 17, 16, 19, 18, 20, 21, 22, 23, 24, 25, 26, 3, 4, 6, 5, 8, -1)
[5] (0, 1, 2, 7, 9, 10, 11, 12, 13, 9, 14, 7, 17, 15, 16, 18, 19, 21, 20, 22, 23, 24, 25, 26, 3, 4, 6, 5, 8, -1)
[5] (0, 1, 2, 7, 9, 10, 11, 12, 13, 9, 14, 7, 15, 17, 16, 18, 19, 21, 22, 20, 23, 24, 25, 26, 3, 5, 4, 6, 8, -1)
[5] (0, 1, 2, 7, 9, 10, 11, 12, 13, 14, 9, 7, 15, 17, 16, 18, 19, 21, 20, 22, 23, 24, 25, 26, 3, 4, 6, 5, 8, -1)
[4] (0, 1, 2, 7, 9, 10, 11, 12, 13, 9, 14, 7, 15, 16, 17, 19, 18, 20, 21, 22, 23, 24, 25, 26, 3, 4, 6, 5, 8, -1)
[4] (0, 1, 2, 7, 9, 10, 11, 12, 13, 14, 9, 7, 15, 17, 16, 18, 19, 21, 20, 22, 23, 24, 25, 26, 3, 5, 4, 6, 8, -1)
[4] (0, 1, 2, 7, 9, 10, 11, 12, 13, 9, 14, 7, 15, 17, 16, 18, 19, 20, 21, 22, 23, 24, 25, 26, 3, 5, 4, 6, 8, -1)
[4] (0, 1, 2, 7, 9, 10, 11, 12, 13, 9, 14, 7, 15, 17, 16, 18, 19, 21, 22, 20, 23, 24, 25, 26, 3, 4, 6, 5, 8, -1)
[4] (0, 1, 2, 7, 9, 10, 11, 12, 13, 14, 9, 7, 15, 17, 16, 18, 19, 20, 21, 22, 23, 24, 25, 26, 3, 4, 6, 5, 8, -1)
[4] (0, 1, 2, 7, 9, 10, 11, 12, 13, 9, 14, 7, 17, 15, 18, 16, 19, 21, 20, 22, 23, 24, 25, 26, 3, 4, 6, 5, 8, -1)
[4] (0, 1, 2, 7, 9, 10, 11, 12, 13, 14, 9, 7, 15, 17, 16, 18, 19, 21, 22, 20, 23, 24, 25, 26, 3, 4, 5, 6, 8, -1)
[3] (0, 1, 2, 7, 9, 10, 11, 12, 13, 14, 9, 7, 17, 15, 16, 18, 19, 21, 20, 22, 23, 24, 25, 26, 3, 4, 5, 6, 8, -1)
[3] (0, 1, 2, 7, 9, 10, 11, 12, 13, 14, 9, 7, 15, 17, 16, 18, 21, 19, 22, 20, 23, 24, 25, 26, 3, 4, 5, 6, 8, -1)
[3] (0, 1, 2, 7, 9, 10, 11, 12, 13, 9, 14, 7, 15, 17, 16, 19, 18, 21, 20, 22, 23, 24, 25, 26, 3, 5, 4, 6, 8, -1)
[3] (0, 1, 2, 7, 9, 10, 11, 12, 13, 9, 14, 7, 15, 16, 17, 18, 19, 20, 21, 22, 23, 24, 25, 26, 3, 4, 6, 5, 8, -1)
[3] (0, 1, 2, 7, 9, 10, 11, 12, 13, 9, 14, 7, 15, 17, 16, 18, 19, 21, 20, 22, 23, 24, 25, 26, 3, 4, 5, 6, 8, 3, 4, 5, 6, 8, -1)
[3] (0, 1, 2, 7, 9, 10, 11, 12, 13, 14, 9, 7, 15, 17, 18, 16, 19, 21, 22, 20, 23, 24, 25, 26, 3, 4, 6, 5, 8, -1)
[3] (0, 1, 2, 7, 9, 10, 11, 12, 13, 9, 14, 7, 15, 17, 18, 16, 21, 19, 20, 22, 23, 24, 25, 26, 3, 5, 4, 6, 8, -1)
[3] (0, 1, 2, 7, 9, 10, 11, 12, 13, 9, 14, 7, 15, 17, 16, 18, 19, 21, 20, 22, 23, 24, 3, 4, 5, 6, 8, 25, 26, -1)
[3] (0, 1, 2, 7, 9, 10, 11, 12, 13, 14, 9, 7, 15, 17, 16, 18, 21, 19, 22, 20, 23, 24, 25, 26, 3, 4, 6, 5, 8, -1)
[3] (0, 1, 2, 7, 9, 10, 11, 12, 13, 9, 14, 7, 15, 17, 18, 16, 19, 21, 20, 22, 23, 24, 25, 26, 3, 4, 6, 5, 8, -1)
[3] (0, 1, 2, 7, 9, 10, 11, 12, 13, 14, 9, 7, 15, 17, 16, 18, 19, 21, 22, 20, 23, 24, 25, 26, 3, 4, 6, 5, 8, -1)
[3] (0, 1, 2, 7, 9, 10, 11, 12, 13, 14, 9, 7, 15, 17, 16, 19, 18, 20, 21, 22, 23, 24, 25, 26, 3, 4, 5, 6, 8, -1)
[3] (0, 1, 2, 7, 9, 10, 11, 12, 13, 9, 14, 7, 15, 17, 16, 18, 19, 21, 20, 22, 23, 24, 25, 26, 3, 6, 4, 5, 8, -1)
[3] (0, 1, 2, 7, 9, 10, 11, 12, 13, 14, 9, 7, 15, 17, 16, 18, 21, 19, 20, 22, 23, 24, 25, 26, 3, 4, 5, 6, 8, -1)
[3] (0, 1, 2, 7, 9, 10, 11, 12, 13, 9, 14, 7, 15, 17, 18, 16, 19, 21, 20, 22, 23, 24, 25, 26, 3, 5, 4, 6, 8, -1)
[3] (0, 1, 2, 7, 9, 10, 11, 12, 13, 9, 14, 7, 15, 17, 18, 16, 19, 21, 22, 20, 23, 24, 25, 26, 3, 4, 6, 5, 8, -1)
[3] (0, 1, 2, 7, 9, 10, 11, 12, 13, 14, 9, 7, 15, 17, 16, 19, 18, 21, 20, 22, 23, 24, 25, 26, 3, 4, 6, 5, 8, -1)
[3] (0, 1, 2, 7, 9, 10, 11, 12, 13, 14, 9, 7, 17, 15, 18, 16, 19, 21, 20, 22, 23, 24, 25, 26, 3, 4, 5, 6, 8, -1)
[3] (0, 1, 2, 7, 9, 10, 11, 12, 13, 9, 14, 7, 15, 16, 17, 18, 19, 20, 21, 22, 23, 24, 25, 26, 3, 4, 5, 6, 8, -1)
[3] (0, 1, 2, 7, 9, 10, 11, 12, 13, 9, 14, 7, 17, 15, 16, 18, 21, 19, 20, 22, 23, 24, 25, 26, 3, 4, 6, 5, 8, -1)
[2] (0, 1, 2, 7, 9, 10, 11, 12, 13, 9, 14, 7, 17, 15, 18, 16, 19, 21, 20, 22, 23, 24, 25, 26, 3, 5, 4, 6, 8, -1)
[2] (0, 1, 2, 7, 9, 3, 4, 5, 6, 8, 10, 11, 12, 13, 9, 14, 7, 15, 17, 16, 18, 19, 21, 20, 22, 23, 24, 25, 26, 3, 4, 5, 6, 8, -1)
[2] (0, 1, 2, 7, 9, 10, 11, 12, 13, 9, 14, 7, 15, 17, 18, 16, 21, 19, 22, 20, 23, 24, 25, 26, 3, 4, 5, 6, 8, -1)
[2] (0, 1, 2, 7, 9, 10, 11, 12, 13, 9, 14, 7, 15, 17, 16, 19, 18, 20, 21, 22, 23, 24, 25, 26, 3, 5, 4, 6, 8, -1)
[2] (0, 1, 2, 7, 9, 10, 11, 12, 13, 14, 9, 7, 15, 17, 16, 18, 19, 21, 20, 22, 23, 24, 25, 26, 3, 4, 5, 6, 8, 3, 4, 5, 6, 8, -1)
[2] (0, 1, 2, 7, 9, 10, 11, 12, 13, 14, 9, 7, 15, 17, 18, 16, 21, 19, 22, 20, 23, 24, 25, 26, 3, 4, 5, 6, 8, -1)
[2] (0, 1, 2, 7, 9, 10, 11, 12, 13, 9, 14, 7, 15, 17, 16, 18, 19, 21, 22, 20, 23, 24, 25, 26, 3, 5, 6, 4, 8, -1)
[2] (0, 1, 2, 7, 9, 10, 11, 12, 13, 14, 9, 7, 15, 17, 16, 18, 19, 21, 20, 22, 23, 24, 25, 26, 3, 4, 5, 6, 8, 3, 4, 6, 5, 8, 30, -1)
[2] (0, 1, 2, 7, 9, 10, 11, 12, 13, 14, 9, 7, 17, 15, 16, 18, 19, 20, 21, 22, 23, 24, 25, 26, 3, 4, 5, 6, 8, -1)
[2] (0, 1, 2, 7, 9, 10, 11, 12, 13, 9, 14, 7, 15, 17, 16, 18, 21, 19, 22, 20, 23, 24, 25, 26, 3, 4, 6, 5, 8, -1)
[2] (0, 1, 2, 7, 9, 10, 11, 12, 13, 14, 9, 7, 15, 16, 17, 19, 18, 20, 21, 22, 23, 24, 25, 26, 3, 4, 5, 6, 8, -1)
[2] (0, 1, 2, 7, 9, 10, 11, 12, 13, 14, 9, 7, 17, 15, 16, 18, 19, 21, 20, 22, 23, 24, 25, 26, 3, 5, 4, 6, 8, -1)
[2] (0, 1, 2, 7, 9, 10, 11, 12, 13, 9, 14, 7, 17, 15, 18, 16, 21, 19, 20, 22, 23, 24, 25, 26, 3, 4, 6, 5, 8, -1)
[2] (0, 1, 2, 7, 9, 10, 11, 12, 13, 9, 14, 7, 15, 17, 16, 18, 19, 21, 22, 20, 23, 24, 25, 26, 3, 4, 5, 6, 8, -1)
[2] (0, 1, 2, 7, 9, 10, 11, 12, 13, 9, 14, 7, 17, 15, 18, 16, 21, 19, 20, 22, 23, 24, 25, 26, 3, 4, 5, 6, 8, -1)
[2] (0, 1, 2, 7, 9, 10, 11, 12, 13, 14, 9, 7, 17, 15, 16, 18, 19, 21, 22, 20, 23, 24, 25, 26, 3, 4, 5, 6, 8, -1)
[2] (0, 1, 2, 7, 9, 10, 11, 12, 13, 9, 14, 7, 17, 15, 18, 16, 19, 21, 22, 20, 23, 24, 25, 26, 3, 4, 5, 6, 8, -1)
[2] (0, 1, 2, 7, 9, 10, 11, 12, 13, 9, 14, 7, 15, 17, 16, 19, 18, 20, 21, 22, 23, 24, 25, 26, 3, 5, 6, 4, 8, -1)
[2] (0, 1, 2, 7, 9, 10, 11, 12, 13, 9, 14, 7, 15, 17, 16, 19, 18, 21, 20, 22, 23, 24, 25, 26, 3, 4, 5, 6, 8, 30, -1)
[2] (0, 1, 2, 7, 9, 10, 11, 12, 13, 9, 14, 7, 17, 15, 16, 18, 19, 21, 22, 20, 23, 24, 25, 26, 3, 4, 5, 6, 8, -1)
[2] (0, 1, 2, 7, 9, 10, 11, 12, 13, 9, 14, 7, 15, 17, 18, 16, 19, 21, 20, 22, 23, 24, 25, 26, 3, 4, 5, 6, 8, 3, 4, 5, 6, 8, 30, -1)
[2] (0, 1, 2, 7, 9, 10, 11, 12, 13, 9, 14, 7, 15, 16, 17, 19, 18, 21, 20, 22, 23, 24, 25, 26, 3, 5, 4, 6, 8, -1)
[2] (0, 1, 2, 7, 9, 10, 11, 12, 13, 9, 14, 7, 15, 16, 17, 18, 19, 20, 21, 22, 23, 24, 25, 26, 3, 5, 4, 6, 8, -1)
[2] (0, 1, 2, 7, 9, 10, 11, 12, 13, 14, 9, 7, 17, 15, 16, 18, 19, 20, 21, 22, 23, 24, 25, 26, 3, 4, 6, 5, 8, -1)
[2] (0, 1, 2, 7, 9, 10, 11, 12, 13, 9, 14, 7, 15, 17, 16, 18, 19, 21, 20, 22, 23, 24, 25, 26, 3, 4, 6, 5, 8, 30, -1)
[2] (0, 1, 2, 7, 9, 10, 11, 12, 13, 9, 14, 7, 17, 15, 16, 19, 18, 20, 21, 22, 23, 24, 25, 26, 3, 4, 5, 6, 8, -1)
[2] (0, 1, 2, 7, 9, 10, 11, 12, 13, 14, 9, 7, 15, 17, 16, 18, 21, 19, 22, 20, 23, 24, 25, 26, 3, 5, 4, 6, 8, -1)
[2] (0, 1, 2, 7, 9, 10, 11, 12, 13, 14, 9, 7, 15, 17, 16, 18, 21, 19, 20, 22, 23, 24, 25, 26, 3, 4, 5, 6, 8, 3, 4, 5, 6, 8, -1)
[2] (0, 1, 2, 7, 9, 10, 11, 12, 13, 14, 9, 7, 15, 17, 16, 18, 21, 19, 20, 22, 23, 24, 25, 26, 3, 4, 5, 6, 8, 30, -1)
[2] (0, 1, 2, 7, 9, 10, 11, 12, 13, 9, 14, 7, 15, 17, 18, 16, 19, 21, 22, 20, 23, 24, 25, 26, 3, 4, 5, 6, 8, -1)
[2] (0, 1, 2, 7, 9, 10, 11, 12, 13, 9, 14, 7, 17, 15, 16, 18, 19, 21, 20, 22, 23, 24, 25, 26, 3, 5, 4, 6, 8, -1)
[2] (0, 1, 2, 7, 9, 10, 11, 12, 13, 14, 9, 7, 15, 17, 16, 18, 19, 20, 21, 22, 23, 24, 25, 26, 3, 5, 4, 6, 8, -1)
[2] (0, 1, 2, 7, 9, 10, 11, 12, 13, 9, 14, 7, 15, 17, 16, 18, 19, 20, 21, 22, 23, 24, 25, 26, 3, 4, 5, 6, 8, 30, -1)
[2] (0, 1, 2, 7, 9, 10, 11, 12, 13, 14, 9, 7, 15, 17, 16, 18, 19, 21, 22, 20, 23, 24, 25, 26, 3, 5, 4, 6, 8, -1)
[2] (0, 1, 2, 7, 9, 10, 11, 12, 13, 9, 14, 7, 15, 17, 16, 19, 18, 21, 20, 22, 23, 24, 25, 26, 3, 6, 5, 4, 8, -1)
[2] (0, 1, 2, 7, 9, 10, 11, 12, 13, 14, 9, 7, 15, 17, 16, 18, 19, 20, 21, 22, 23, 24, 25, 26, 3, 4, 5, 6, 8, 3, 4, 5, 6, 8, -1)
[2] (0, 1, 2, 7, 9, 10, 11, 12, 13, 14, 9, 7, 15, 17, 18, 16, 19, 21, 22, 20, 23, 24, 25, 26, 3, 4, 5, 6, 8, -1)
[1] (0, 1, 2, 7, 9, 10, 11, 12, 13, 9, 14, 7, 17, 15, 16, 18, 19, 21, 20, 22, 23, 24, 3, 25, 26, 5, 4, 6, 8, -1)
[1] (0, 1, 2, 3, 7, 4, 6, 5, 9, 8, 10, 11, 12, 13, 9, 14, 7, 15, 17, 18, 16, 19, 21, 22, 20, 23, 24, 25, 26, 3, 6, 4, 5, 8, -1)
[1] (0, 1, 2, 7, 9, 10, 11, 12, 13, 9, 14, 7, 15, 16, 17, 19, 18, 21, 20, 22, 23, 24, 25, 26, 3, 5, 6, 4, 8, -1)
[1] (0, 1, 2, 7, 9, 10, 11, 12, 13, 9, 14, 7, 15, 17, 16, 18, 19, 20, 21, 22, 23, 24, 3, 6, 4, 5, 8, 25, 26, -1)
[1] (0, 1, 2, 7, 9, 10, 11, 12, 13, 9, 14, 7, 17, 15, 18, 16, 19, 21, 22, 20, 23, 24, 25, 26, 3, 4, 5, 6, 8, 30, 3, 6, 4, 5, 8, -1)
[1] (0, 1, 2, 7, 9, 10, 11, 12, 13, 9, 14, 7, 15, 17, 18, 16, 21, 19, 20, 22, 23, 24, 25, 26, 3, 4, 6, 5, 8, -1)
[1] (0, 1, 2, 7, 9, 10, 11, 12, 13, 9, 14, 7, 15, 16, 17, 18, 19, 20, 21, 22, 3, 4, 5, 6, 8, 23, 24, 25, 26, -1)
[1] (0, 1, 2, 7, 9, 10, 11, 12, 13, 9, 14, 7, 15, 17, 16, 19, 18, 20, 21, 22, 23, 24, 3, 4, 6, 5, 8, 25, 26, 3, 4, 5, 6, 8, -1)
[1] (0, 1, 2, 7, 9, 10, 11, 12, 13, 14, 9, 7, 17, 15, 16, 18, 19, 21, 20, 22, 3, 4, 5, 6, 8, 23, 24, 25, 26, 3, 4, 6, 5, 8, -1)
[1] (0, 1, 2, 7, 9, 10, 11, 12, 13, 9, 14, 7, 15, 17, 18, 16, 19, 21, 20, 22, 23, 24, 3, 4, 5, 6, 8, 25, 26, -1)
[1] (0, 1, 2, 7, 9, 10, 11, 12, 13, 9, 14, 7, 17, 15, 16, 18, 19, 20, 21, 22, 23, 24, 25, 26, 3, 4, 5, 6, 8, -1)
[1] (0, 1, 2, 7, 9, 10, 11, 12, 13, 14, 9, 7, 15, 17, 18, 16, 21, 19, 20, 22, 23, 24, 25, 26, 31, 3, 6, 4, 5, 8, -1)
[1] (0, 1, 3, 2, 4, 5, 6, 8, 7, 9, 10, 11, 12, 13, 9, 14, 7, 15, 17, 16, 18, 19, 20, 21, 22, 23, 24, 25, 26, 3, 4, 5, 6, 8, -1)
[1] (0, 1, 2, 7, 9, 10, 11, 12, 13, 14, 9, 7, 15, 17, 16, 18, 21, 19, 20, 22, 23, 24, 25, 26, 3, 4, 6, 5, 8, 3, 4, 6, 5, 8, -1)
[1] (0, 1, 2, 7, 9, 10, 11, 12, 13, 9, 14, 7, 15, 17, 16, 18, 21, 19, 22, 20, 23, 24, 3, 4, 5, 6, 8, 25, 26, -1)
[1] (0, 1, 2, 7, 9, 10, 11, 12, 13, 14, 9, 7, 15, 16, 17, 19, 18, 20, 21, 22, 23, 24, 25, 26, 3, 4, 6, 5, 8, 3, 4, 6, 5, 8, -1)
[1] (0, 1, 2, 7, 9, 10, 11, 12, 14, 13, 9, 7, 15, 17, 16, 18, 19, 21, 20, 22, 23, 24, 25, 26, 3, 4, 5, 6, 8, 3, 4, 5, 6, 8, 27, 28, 29, -1)
[1] (0, 1, 2, 7, 9, 10, 11, 12, 13, 9, 14, 7, 17, 15, 16, 18, 19, 21, 20, 22, 23, 24, 3, 6, 4, 5, 8, 27, 28, 29, 25, 26, -1)
[1] (0, 1, 2, 7, 9, 10, 11, 12, 13, 9, 14, 7, 15, 17, 16, 18, 19, 20, 21, 22, 23, 24, 3, 25, 26, 4, 5, 6, 8, -1)
[1] (0, 1, 2, 7, 9, 10, 11, 12, 13, 14, 9, 7, 17, 15, 16, 18, 21, 19, 22, 20, 23, 24, 25, 26, 3, 4, 6, 5, 8, -1)
[1] (0, 1, 2, 7, 9, 10, 11, 12, 13, 9, 14, 7, 15, 17, 16, 18, 21, 19, 22, 20, 23, 24, 25, 26, 3, 5, 4, 6, 8, -1)
[1] (0, 1, 2, 7, 9, 10, 11, 12, 13, 9, 14, 7, 3, 5, 4, 6, 8, 15, 17, 16, 19, 18, 20, 21, 22, 23, 24, 25, 26, 3, 4, 5, 6, 8, -1)
[1] (0, 1, 2, 7, 9, 10, 11, 12, 13, 14, 9, 3, 7, 5, 4, 6, 8, 15, 17, 16, 19, 18, 20, 21, 22, 23, 24, 25, 26, -1)
[1] (0, 1, 2, 7, 9, 3, 5, 6, 4, 8, 10, 11, 12, 13, 9, 14, 7, 15, 17, 16, 18, 19, 21, 20, 22, 23, 24, 25, 26, 3, 5, 4, 6, 8, -1)
[1] (4, 5, 6, 8, 0, 1, 2, 7, 9, 10, 11, 12, 13, 9, 14, 7, 15, 17, 16, 19, 18, 21, 22, 20, 23, 24, 25, 26, 3, 4, 5, 6, 8, -1)
[1] (0, 1, 2, 7, 9, 10, 11, 12, 13, 9, 14, 7, 15, 17, 16, 18, 19, 21, 22, 20, 23, 24, 25, 26, 3, 5, 4, 6, 8, 3, 4, 5, 6, 8, 30, -1)
[1] (0, 1, 2, 7, 9, 10, 11, 12, 13, 9, 14, 7, 15, 17, 16, 18, 19, 21, 22, 20, 23, 24, 25, 26, 3, 4, 5, 6, 8, 3, 4, 5, 6, 8, -1)
[1] (0, 1, 2, 7, 9, 10, 11, 12, 13, 9, 14, 3, 4, 5, 6, 8, 7, 15, 17, 16, 18, 19, 21, 20, 22, 23, 24, 25, 26, 3, -1)
[1] (0, 1, 2, 3, 5, 4, 6, 7, 8, 9, 30, 10, 11, 12, 13, 14, 9, 7, 15, 17, 18, 16, 19, 21, 20, 22, 23, 24, 25, 26, 3, 4, 5, 6, 8, -1)
[1] (0, 1, 2, 7, 9, 10, 11, 12, 14, 13, 9, 7, 15, 17, 16, 19, 18, 21, 20, 22, 23, 24, 25, 26, 3, 4, 6, 5, 8, -1)
[1] (0, 1, 2, 7, 9, 10, 11, 12, 13, 9, 14, 7, 17, 15, 16, 18, 19, 21, 20, 22, 23, 24, 3, 4, 5, 6, 8, 25, 26, -1)
[1] (0, 1, 2, 7, 9, 10, 11, 12, 13, 9, 14, 7, 15, 17, 18, 16, 21, 19, 22, 20, 23, 24, 25, 26, 3, 4, 5, 6, 8, 30, -1)
[1] (0, 1, 2, 7, 9, 10, 11, 12, 13, 9, 14, 7, 15, 16, 17, 18, 19, 21, 20, 22, 23, 24, 3, 4, 6, 5, 8, 33, 30, 25, 26, 3, 5, 4, 6, 8, -1)
[1] (0, 1, 2, 7, 9, 3, 4, 5, 6, 8, 10, 11, 12, 13, 9, 14, 7, 15, 17, 16, 19, 18, 21, 20, 22, 23, 24, 25, 26, 3, 5, 4, 6, 8, -1)
[1] (0, 1, 2, 7, 9, 3, 10, 4, 5, 6, 11, 8, 12, 13, 9, 14, 7, 15, 17, 16, 19, 18, 20, 21, 22, 23, 24, 25, 26, 3, 5, 4, 6, 8, 3, 6, 4, 5, 8, -1)
[1] (0, 1, 2, 7, 9, 10, 11, 12, 13, 14, 9, 7, 15, 17, 16, 18, 19, 21, 20, 22, 23, 24, 3, 6, 5, 4, 8, 25, 26, 3, 4, 5, 6, 8, -1)
[1] (0, 1, 2, 7, 9, 10, 11, 12, 13, 9, 14, 7, 15, 17, 16, 19, 18, 21, 20, 22, 3, 4, 5, 6, 8, 23, 24, 3, 5, 4, 6, 8, 25, 26, -1)
[1] (0, 1, 2, 7, 9, 10, 11, 12, 13, 14, 9, 7, 15, 17, 16, 18, 19, 20, 21, 22, 23, 24, 25, 26, 3, 5, 4, 6, 8, 3, 4, 6, 5, -1)
[1] (0, 1, 2, 7, 9, 10, 11, 12, 13, 9, 14, 7, 17, 15, 16, 18, 19, 21, 20, 22, 23, 24, 25, 26, 3, 5, 4, 6, 8, 3, 4, 5, 6, 8, -1)
[1] (0, 1, 2, 7, 9, 10, 11, 12, 13, 9, 14, 7, 15, 17, 18, 16, 19, 21, 20, 22, 23, 24, 25, 26, 3, 4, 5, 6, 8, 3, 4, 6, 5, 8, 3, 4, 6, 5, 8, 30, -1)
[1] (0, 1, 2, 7, 9, 10, 11, 12, 13, 9, 14, 7, 15, 17, 18, 16, 19, 21, 22, 20, 23, 24, 25, 26, 3, 5, 6, 4, 8, 3, 6, 4, 5, 8, 30, -1)
[1] (0, 1, 2, 7, 9, 10, 11, 12, 13, 14, 9, 7, 17, 15, 16, 18, 19, 21, 22, 20, 23, 24, 25, 26, 3, 5, 6, 4, 8, -1)
[1] (0, 1, 2, 7, 9, 10, 11, 12, 13, 14, 9, 7, 15, 17, 16, 18, 21, 19, 22, 20, 23, 24, 3, 4, 5, 6, 8, 27, 28, 25, 26, 29, -1)
[1] (0, 1, 2, 7, 9, 10, 11, 12, 13, 9, 14, 7, 3, 4, 5, 6, 8, 15, 17, 16, 18, 21, 19, 22, 20, 23, 24, 25, 26, -1)
[1] (0, 1, 2, 7, 9, 10, 11, 12, 13, 9, 14, 7, 3, 5, 6, 4, 8, 15, 17, 16, 18, 19, 21, 20, 22, 34, 30, 23, 24, 25, 26, 3, 4, 5, 6, 8, -1)
[1] (0, 1, 2, 7, 9, 3, 5, 4, 6, 8, 10, 11, 12, 13, 14, 9, 7, 15, 17, 16, 18, 19, 21, 20, 22, 23, 24, 25, 26, 3, 4, 5, 6, 8, -1)
[1] (0, 1, 2, 7, 9, 10, 11, 12, 13, 14, 9, 7, 15, 17, 16, 18, 19, 21, 20, 22, 23, 24, 25, 26, 3, 6, 4, 5, 8, -1)
[1] (0, 1, 2, 7, 9, 10, 11, 12, 13, 3, 14, 9, 5, 4, 6, 8, 7, 15, 17, 16, 19, 18, 21, 20, 22, 23, 24, 25, 26, 3, -1)
[1] (0, 1, 2, 7, 9, 10, 11, 12, 13, 9, 14, 7, 15, 17, 16, 19, 18, 21, 20, 22, 23, 24, 25, 26, 3, 4, 6, 5, 8, 3, 4, 5, 6, 8, -1)
[1] (0, 1, 2, 7, 9, 10, 11, 12, 13, 14, 9, 7, 15, 17, 16, 18, 19, 21, 22, 20, 3, 4, 5, 6, 8, 23, 24, 25, 26, 3, 6, 5, 4, 8, -1)
[1] (0, 1, 2, 7, 9, 10, 11, 12, 13, 14, 9, 7, 15, 17, 16, 18, 21, 19, 20, 22, 23, 24, 25, 26, 3, 5, 4, 6, 8, -1)
[1] (0, 1, 2, 7, 9, 10, 11, 12, 13, 3, 9, 14, 4, 5, 6, 8, 7, 15, 17, 16, 18, 19, 20, 21, 22, 23, 24, 25, 26, 3, -1)
[1] (0, 1, 2, 7, 9, 10, 11, 13, 12, 9, 14, 7, 17, 15, 16, 18, 21, 19, 20, 22, 23, 24, 25, 26, 3, 6, 4, 5, 8, 3, 4, 5, 6, 8, 30, -1)
[1] (0, 1, 2, 7, 9, 10, 3, 11, 12, 6, 4, 5, 13, 9, 8, 14, 30, 7, 15, 17, 16, 18, 19, 21, 20, 22, 23, 24, 25, 26, 3, 4, 6, 5, 8, -1)
[1] (0, 1, 2, 7, 9, 10, 11, 12, 13, 14, 9, 7, 15, 17, 16, 18, 19, 20, 21, 22, 23, 24, 3, 25, 26, 4, 5, 6, 8, 30, 3, 4, 5, 6, 8, -1)
[1] (0, 1, 2, 7, 9, 10, 11, 12, 13, 14, 9, 7, 15, 17, 16, 18, 19, 20, 21, 22, 23, 24, 25, 26, 3, 4, 5, 6, 8, 3, 4, 5, 6, 8, 3, 4, 5, 6, 8, 30, -1)
[1] (0, 1, 2, 7, 9, 10, 11, 12, 13, 9, 14, 7, 17, 15, 18, 16, 21, 19, 20, 22, 23, 24, 3, 25, 26, 4, 6, 5, 8, 30, -1)
[1] (0, 1, 2, 7, 9, 3, 4, 5, 6, 8, 10, 11, 12, 13, 9, 14, 7, 15, 17, 16, 19, 18, 20, 21, 22, 23, 24, 25, 26, 3, 5, 6, 4, 8, 3, 4, 5, 6, 8, -1)
[1] (3, 4, 6, 5, 8, 0, 1, 2, 7, 9, 10, 11, 12, 13, 9, 14, 7, 15, 17, 16, 19, 18, 20, 21, 22, 23, 24, 25, 26, 3, 4, 6, 5, 8, -1)
[1] (0, 1, 2, 3, 4, 5, 6, 7, 9, 8, 10, 11, 12, 13, 14, 9, 7, 15, 17, 16, 18, 20, 21, 19, 22, 23, 24, 25, 26, 3, 4, 5, 6, 8, -1)
[1] (0, 1, 2, 7, 9, 10, 11, 12, 13, 9, 14, 7, 15, 17, 16, 18, 19, 21, 22, 20, 23, 24, 3, 25, 26, 4, 6, 5, 8, -1)
[1] (0, 1, 2, 7, 9, 10, 11, 12, 13, 14, 9, 7, 17, 15, 16, 18, 19, 21, 20, 22, 23, 24, 3, 5, 6, 4, 8, 25, 26, 3, -1)
[1] (0, 1, 2, 7, 9, 10, 11, 12, 13, 9, 14, 7, 15, 17, 16, 18, 19, 21, 20, 22, 23, 24, 25, 26, 3, 5, 4, 6, 8, 30, 3, 4, 6, 5, 8, -1)
[1] (0, 1, 2, 7, 9, 10, 11, 12, 13, 9, 14, 7, 15, 17, 16, 19, 18, 21, 22, 20, 23, 24, 25, 26, 3, 4, 5, 6, 8, -1)
[1] (0, 1, 2, 7, 9, 10, 11, 12, 13, 14, 9, 7, 15, 17, 16, 18, 19, 21, 20, 22, 23, 24, 3, 4, 5, 6, 8, 25, 26, -1)
[1] (0, 1, 2, 7, 9, 10, 11, 12, 13, 9, 14, 7, 15, 16, 17, 18, 19, 20, 21, 22, 23, 24, 25, 26, 3, 4, 5, 6, 8, 3, 4, 5, 6, 8, -1)
[1] (0, 1, 2, 7, 9, 10, 11, 12, 13, 14, 9, 7, 17, 15, 16, 18, 19, 21, 22, 20, 23, 24, 25, 26, 3, 5, 4, 6, 8, 3, 4, 5, 6, 8, -1)
[1] (0, 1, 2, 7, 9, 10, 11, 12, 13, 9, 14, 7, 17, 15, 16, 19, 18, 20, 21, 22, 23, 24, 25, 26, 3, 5, 4, 6, 8, -1)
[1] (0, 1, 2, 7, 9, 10, 11, 12, 13, 9, 14, 7, 15, 17, 16, 18, 19, 20, 21, 22, 23, 24, 25, 26, 3, 4, 5, 6, 8, 27, 28, 29, 3, 4, 5, 6, 8, -1)
[1] (0, 1, 2, 7, 9, 10, 11, 12, 14, 13, 9, 7, 15, 16, 17, 18, 19, 20, 21, 22, 23, 24, 25, 26, 3, 4, 5, 6, 8, -1)
[1] (0, 1, 2, 7, 9, 10, 11, 12, 13, 3, 14, 9, 4, 5, 6, 7, 8, 15, 16, 17, 18, 19, 21, 20, 22, 23, 24, 25, 26, -1)
[1] (0, 1, 2, 7, 9, 10, 11, 12, 13, 9, 14, 7, 17, 15, 18, 16, 19, 21, 20, 22, 23, 24, 25, 26, 3, 4, 5, 6, 8, 3, 4, 5, 6, 8, 3, 4, 5, 6, 8, 30, -1)
[1] (0, 1, 2, 7, 9, 10, 11, 12, 13, 14, 9, 7, 15, 16, 17, 19, 18, 21, 20, 22, 3, 23, 4, 6, 5, 8, 24, 25, 26, -1)
[1] (0, 1, 2, 7, 9, 10, 11, 12, 13, 9, 14, 7, 15, 17, 16, 18, 19, 21, 20, 22, 23, 24, 3, 4, 5, 6, 8, 34, 33, 25, 26, -1)
[1] (0, 1, 2, 7, 9, 10, 11, 12, 13, 14, 9, 7, 15, 16, 17, 18, 19, 20, 21, 22, 23, 24, 25, 26, 3, 4, 5, 6, 8, 3, 5, 6, 4, 8, -1)
[1] (0, 1, 2, 3, 4, 6, 5, 7, 8, 9, 10, 11, 12, 13, 9, 14, 7, 15, 17, 16, 18, 19, 21, 22, 20, 23, 24, 25, 26, 3, 4, 6, 5, 8, 27, 28, 29, -1)
[1] (0, 1, 2, 7, 9, 10, 11, 12, 13, 9, 14, 7, 15, 17, 16, 18, 19, 21, 20, 22, 23, 24, 25, 26, 3, 4, 5, 6, 8, 30, -1)
[1] (4, 5, 6, 0, 1, 8, 2, 7, 9, 10, 11, 12, 13, 9, 14, 7, 15, 17, 16, 18, 21, 19, 20, 22, 23, 24, 25, 26, 3, 5, 4, 6, 8, -1)
[1] (0, 1, 2, 7, 9, 10, 11, 12, 13, 9, 14, 3, 7, 5, 4, 6, 8, 15, 16, 17, 18, 19, 20, 21, 22, 23, 24, 25, 26, -1)
[1] (0, 1, 2, 7, 9, 10, 11, 12, 13, 14, 9, 7, 15, 17, 16, 18, 21, 19, 20, 22, 3, 4, 5, 6, 8, 23, 24, 25, 26, -1)
[1] (0, 1, 2, 7, 9, 10, 11, 12, 13, 9, 14, 7, 15, 17, 18, 16, 19, 20, 21, 22, 23, 24, 25, 26, 3, 5, 4, 6, 8, -1)
[1] (0, 1, 2, 7, 9, 10, 11, 12, 13, 9, 14, 7, 15, 16, 17, 18, 21, 19, 20, 22, 23, 24, 25, 26, 3, 4, 6, 5, 8, -1)
[1] (0, 1, 2, 7, 9, 10, 11, 12, 13, 14, 9, 7, 17, 15, 16, 18, 21, 19, 20, 22, 23, 24, 25, 26, 3, 4, 5, 6, 8, -1)
[1] (0, 3, 1, 4, 5, 6, 8, 2, 7, 9, 10, 11, 12, 13, 14, 9, 7, 17, 15, 16, 18, 19, 21, 22, 20, 23, 24, 25, 26, 3, 4, 5, 6, 8, -1)
[1] (8, 35, 36, 37, 0, 1, 2, 7, 9, 10, 11, 12, 13, 14, 9, 7, 17, 15, 18, 16, 21, 19, 20, 22, 23, 24, 25, 26, 3, 4, 5, 6, 8, -1)
[1] (0, 1, 2, 7, 9, 10, 11, 12, 13, 14, 9, 7, 17, 15, 18, 16, 21, 19, 20, 22, 23, 24, 25, 26, 3, 4, 5, 6, 8, -1)
[1] (0, 1, 2, 7, 9, 10, 11, 12, 13, 9, 14, 7, 15, 17, 16, 18, 19, 20, 21, 22, 23, 24, 3, 4, 5, 6, 8, 25, 26, 3, 5, 6, 4, 8, -1)
[1] (0, 1, 2, 7, 9, 10, 11, 12, 13, 9, 14, 7, 15, 17, 16, 18, 19, 20, 21, 22, 23, 24, 3, 4, 5, 6, 8, 25, 26, -1)
[1] (0, 1, 2, 7, 9, 10, 11, 12, 13, 9, 14, 7, 17, 15, 16, 19, 18, 21, 20, 22, 23, 24, 25, 26, 3, 4, 5, 6, 8, -1)
[1] (0, 1, 2, 7, 9, 10, 11, 12, 14, 13, 9, 7, 15, 16, 17, 18, 19, 21, 20, 22, 23, 24, 25, 26, 3, 5, 6, 4, 8, -1)
[1] (0, 1, 2, 7, 9, 10, 11, 12, 13, 14, 9, 7, 17, 15, 16, 18, 19, 21, 20, 22, 23, 24, 25, 26, 3, 4, 6, 5, 8, 3, 4, 5, 6, 8, -1)
[1] (0, 1, 2, 7, 9, 10, 11, 12, 13, 9, 14, 7, 15, 17, 16, 18, 19, 21, 22, 20, 23, 24, 25, 26, 3, 4, 5, 6, 8, 3, 4, 6, 5, 8, -1)
[1] (0, 1, 2, 7, 9, 10, 11, 12, 13, 9, 14, 7, 15, 16, 17, 18, 19, 20, 21, 22, 3, 4, 6, 5, 8, 23, 34, 30, 33, 24, 25, 26, -1)
[1] (0, 1, 2, 7, 9, 10, 11, 12, 13, 9, 14, 7, 15, 17, 16, 18, 19, 21, 20, 22, 3, 4, 5, 6, 8, 23, 24, 25, 26, -1)
[1] (0, 1, 2, 7, 9, 3, 4, 5, 6, 10, 8, 11, 30, 12, 13, 9, 14, 7, 15, 17, 16, 18, 19, 22, 21, 20, 23, 24, 25, 26, 3, 4, 5, 6, -1)
[1] (0, 1, 2, 7, 9, 10, 11, 12, 13, 9, 14, 7, 15, 17, 16, 18, 19, 21, 20, 22, 23, 24, 25, 26, 3, 4, 5, 6, 8, 3, 4, 5, 6, 8, 28, 27, 29, -1)
[1] (0, 1, 2, 7, 9, 10, 11, 12, 13, 14, 9, 7, 15, 16, 17, 18, 19, 20, 21, 22, 23, 24, 25, 26, 3, 5, 4, 6, 8, -1)
[1] (0, 1, 2, 7, 9, 10, 11, 12, 13, 14, 9, 7, 15, 16, 17, 18, 21, 19, 22, 20, 23, 24, 25, 26, 3, 4, 5, 6, 8, -1)
[1] (0, 1, 2, 7, 9, 10, 11, 12, 3, 13, 9, 5, 4, 6, 14, 8, 7, 15, 17, 18, 16, 19, 21, 20, 22, 23, 24, 25, 26, 3, 4, 5, 6, 8, -1)
[1] (0, 1, 2, 7, 9, 10, 11, 12, 13, 14, 9, 7, 15, 17, 16, 19, 18, 21, 20, 22, 23, 24, 25, 26, 3, 5, 4, 6, 8, 3, 4, 5, 6, 8, -1)
[1] (0, 1, 2, 7, 9, 10, 11, 12, 13, 9, 14, 7, 17, 15, 16, 18, 19, 20, 21, 22, 23, 24, 25, 26, 3, 5, 6, 4, 8, -1)
[1] (0, 1, 2, 7, 9, 10, 11, 12, 13, 14, 9, 7, 15, 17, 16, 18, 19, 21, 20, 22, 23, 24, 3, 25, 26, 4, 5, 6, 8, -1)
[1] (0, 1, 2, 7, 9, 10, 11, 12, 13, 9, 14, 3, 7, 4, 6, 5, 8, 17, 15, 16, 18, 19, 20, 21, 22, 23, 24, 25, 26, -1)
[1] (0, 1, 3, 4, 5, 6, 2, 8, 7, 9, 10, 11, 12, 13, 9, 14, 7, 15, 17, 16, 18, 19, 20, 21, 22, 23, 24, 25, 26, 3, 5, 4, 6, 8, -1)
[1] (0, 1, 2, 7, 9, 10, 11, 12, 13, 9, 14, 7, 15, 17, 16, 18, 19, 21, 20, 22, 23, 24, 3, 6, 4, 5, 8, 25, 26, -1)
[1] (0, 1, 2, 3, 4, 6, 5, 8, 7, 9, 10, 11, 12, 13, 9, 14, 7, 15, 17, 16, 18, 19, 21, 20, 22, 23, 24, 25, 26, 3, 4, 5, 6, 8, -1)
[1] (0, 1, 2, 7, 9, 10, 11, 12, 13, 9, 14, 7, 15, 17, 18, 16, 19, 21, 20, 22, 23, 24, 25, 26, 3, 4, 5, 6, 8, 30, 3, 6, 4, 5, 8, -1)
[1] (0, 1, 2, 7, 9, 10, 11, 12, 13, 9, 14, 7, 15, 16, 17, 18, 19, 20, 21, 22, 23, 24, 25, 26, 3, 5, 4, 6, 8, 30, 3, 4, 5, 6, 8, -1)
[1] (0, 1, 2, 7, 9, 10, 11, 12, 13, 14, 9, 7, 17, 15, 16, 18, 19, 21, 22, 20, 23, 24, 25, 26, 3, 4, 6, 5, 8, -1)
[1] (0, 1, 2, 3, 6, 5, 4, 7, 9, 8, 10, 11, 12, 13, 14, 9, 7, 15, 17, 16, 19, 18, 21, 20, 22, 23, 24, 25, 26, 3, 4, 5, 6, 8, -1)
[1] (0, 1, 2, 7, 9, 10, 11, 12, 13, 14, 9, 7, 15, 16, 17, 18, 19, 21, 20, 22, 23, 24, 25, 26, 3, 5, 4, 6, 8, -1)
[1] (0, 1, 3, 2, 4, 5, 6, 8, 7, 9, 10, 11, 12, 13, 9, 14, 7, 15, 16, 17, 19, 18, 20, 21, 22, 23, 24, 25, 26, 3, 4, 5, 6, 8, 27, 28, 29, 3, 4, 5, 6, 8, 3, 6, 4, 5, 8, -1)
[1] (0, 1, 2, 7, 9, 10, 11, 12, 13, 9, 14, 7, 15, 17, 16, 18, 21, 19, 20, 22, 23, 24, 25, 26, 3, 4, 5, 6, 8, 30, -1)
[1] (0, 1, 2, 7, 9, 10, 11, 12, 13, 9, 14, 7, 3, 4, 6, 5, 8, 15, 17, 16, 18, 21, 19, 20, 22, 23, 24, 25, 26, 3, 5, 6, 4, 8, -1)
[1] (0, 1, 2, 7, 9, 10, 11, 12, 13, 14, 9, 3, 5, 4, 6, 7, 8, 15, 17, 16, 18, 19, 20, 21, 22, 23, 24, 25, 26, -1)
[1] (0, 1, 2, 7, 9, 10, 11, 12, 13, 9, 14, 7, 15, 17, 18, 16, 19, 21, 20, 22, 3, 6, 4, 5, 8, 23, 24, 25, 26, -1)
[1] (0, 1, 2, 7, 9, 10, 11, 12, 13, 14, 9, 7, 15, 17, 16, 19, 18, 21, 20, 22, 3, 4, 5, 6, 8, 23, 24, 25, 26, 3, 4, 5, 6, 8, -1)
[1] (0, 1, 2, 7, 9, 10, 11, 12, 13, 9, 14, 7, 17, 15, 18, 16, 19, 21, 20, 22, 23, 24, 25, 26, 3, 4, 5, 6, 8, 3, 5, 4, 6, 8, 30, -1)
[1] (0, 1, 2, 7, 9, 10, 11, 12, 13, 14, 9, 7, 15, 17, 16, 19, 18, 21, 20, 22, 23, 24, 25, 26, 3, 5, 4, 6, 8, -1)
[1] (0, 1, 2, 7, 9, 10, 11, 12, 13, 14, 9, 7, 15, 17, 18, 16, 21, 19, 20, 22, 23, 24, 25, 26, 3, 6, 4, 5, 8, -1)
[1] (0, 1, 3, 2, 4, 6, 5, 8, 7, 9, 10, 11, 12, 13, 14, 9, 7, 15, 17, 16, 19, 18, 20, 21, 22, 23, 24, 25, 26, 3, 4, 6, 5, 8, -1)
[1] (0, 1, 2, 7, 9, 10, 11, 12, 13, 9, 14, 7, 15, 17, 16, 19, 18, 21, 22, 20, 23, 24, 25, 26, 3, 4, 5, 6, 8, 3, 4, 5, 6, 8, 30, -1)
[1] (0, 1, 2, 7, 9, 10, 11, 12, 13, 9, 14, 7, 15, 17, 16, 18, 19, 21, 20, 22, 23, 24, 25, 26, 3, 4, 5, 6, 8, 30, 3, 4, 5, 6, 8, -1)
[1] (0, 1, 2, 7, 9, 10, 11, 12, 13, 14, 9, 7, 17, 15, 18, 16, 19, 21, 20, 22, 23, 24, 25, 26, 3, 5, 4, 6, 8, -1)
[1] (0, 1, 2, 7, 9, 10, 11, 12, 13, 9, 14, 7, 15, 17, 18, 16, 21, 19, 20, 22, 23, 24, 25, 26, 3, 6, 5, 4, 8, -1)
[1] (0, 1, 2, 7, 9, 10, 11, 12, 14, 13, 9, 7, 15, 17, 16, 19, 18, 20, 21, 22, 23, 24, 25, 26, 3, 4, 5, 6, 8, -1)
[1] (0, 1, 2, 7, 9, 10, 11, 12, 13, 9, 14, 7, 15, 17, 16, 19, 18, 21, 20, 22, 23, 24, 25, 26, 3, 5, 6, 4, 8, -1)
[1] (0, 1, 2, 3, 7, 4, 6, 5, 9, 8, 10, 11, 12, 13, 9, 14, 7, 15, 17, 16, 19, 18, 21, 20, 22, 23, 24, 25, 26, 3, 4, 6, 5, 8, -1)
[1] (0, 1, 2, 3, 7, 9, 4, 5, 6, 8, 10, 11, 12, 13, 9, 14, 7, 15, 16, 17, 18, 19, 20, 21, 22, 23, 24, 25, 26, 3, 5, 4, 6, 8, 30, -1)
[1] (0, 1, 2, 7, 9, 10, 11, 12, 13, 9, 14, 7, 15, 17, 16, 18, 19, 21, 20, 22, 3, 6, 4, 5, 8, 23, 24, 25, 26, -1)
[1] (0, 1, 2, 7, 9, 10, 11, 12, 13, 9, 14, 7, 15, 17, 16, 18, 19, 20, 21, 22, 23, 24, 3, 5, 6, 4, 8, 33, 30, 25, 26, 3, 4, 5, 6, 8, -1)
[1] (0, 1, 2, 3, 4, 5, 6, 8, 7, 9, 10, 11, 12, 13, 9, 14, 7, 15, 17, 16, 18, 21, 19, 20, 22, 23, 24, 25, 26, 3, 4, 5, 6, 8, -1)
[1] (0, 1, 2, 7, 9, 10, 11, 12, 13, 9, 14, 7, 17, 15, 16, 19, 18, 21, 20, 22, 3, 23, 4, 5, 6, 8, 24, 25, 26, -1)
[1] (0, 1, 2, 7, 9, 10, 11, 12, 13, 9, 14, 7, 15, 17, 16, 18, 21, 19, 22, 20, 23, 24, 25, 26, 3, 6, 5, 4, 8, -1)
[1] (0, 1, 2, 7, 9, 10, 11, 12, 13, 9, 14, 7, 15, 16, 17, 19, 18, 21, 20, 22, 23, 24, 25, 26, 3, 4, 6, 5, 8, -1)
[1] (0, 1, 2, 7, 9, 10, 11, 12, 13, 9, 14, 7, 3, 5, 4, 6, 8, 17, 15, 16, 18, 19, 21, 20, 22, 23, 24, 25, 26, 3, 4, 5, 6, 8, -1)
[1] (0, 1, 2, 7, 9, 10, 11, 12, 13, 14, 9, 7, 15, 17, 18, 16, 19, 21, 20, 22, 23, 24, 3, 25, 26, 4, 6, 5, 8, -1)
[1] (0, 1, 2, 7, 9, 10, 11, 12, 13, 14, 9, 7, 17, 15, 16, 18, 19, 21, 20, 22, 3, 4, 5, 6, 8, 23, 27, 28, 29, 24, 25, 26, -1)
[1] (0, 1, 2, 7, 9, 10, 11, 12, 13, 9, 14, 7, 15, 16, 17, 18, 19, 20, 21, 22, 23, 24, 25, 26, 3, 6, 5, 4, 8, -1)
[1] (0, 1, 2, 7, 9, 10, 11, 12, 13, 14, 9, 7, 15, 17, 16, 18, 19, 21, 22, 20, 23, 24, 25, 26, 3, 4, 5, 6, 8, 3, 5, 4, 6, 8, -1)
[1] (0, 1, 2, 7, 9, 10, 11, 13, 9, 12, 7, 14, 15, 17, 16, 18, 19, 21, 20, 22, 23, 24, 25, 26, 3, 4, 5, 6, 8, 30, -1)
[1] (0, 1, 2, 7, 9, 10, 11, 12, 13, 14, 9, 7, 15, 17, 16, 18, 19, 20, 21, 22, 23, 24, 3, 25, 26, 4, 6, 5, 8, 3, 5, 4, 6, 8, -1)
[1] (0, 1, 2, 7, 9, 10, 11, 12, 13, 9, 14, 7, 15, 16, 17, 18, 21, 19, 22, 20, 23, 24, 25, 26, 3, 4, 5, 6, 8, -1)
[1] (0, 1, 2, 7, 9, 10, 11, 12, 13, 9, 14, 7, 15, 16, 17, 18, 21, 19, 22, 20, 23, 24, 25, 26, 3, 5, 4, 6, 8, 3, 4, 5, 6, 8, -1)
[1] (0, 1, 2, 7, 9, 10, 11, 3, 12, 4, 5, 6, 13, 8, 14, 9, 7, 15, 16, 17, 18, 19, 21, 20, 22, 23, 24, 25, 26, 3, 4, 6, 5, 8, 30, -1)
[1] (0, 1, 2, 7, 9, 10, 11, 12, 13, 9, 14, 7, 17, 15, 18, 16, 21, 19, 22, 20, 23, 24, 25, 26, 3, 5, 4, 6, 8, -1)
[1] (0, 1, 2, 7, 9, 10, 11, 12, 13, 9, 14, 3, 7, 4, 6, 5, 8, 15, 17, 16, 18, 19, 21, 22, 20, 23, 24, 25, 26, 3, 4, 6, 5, 8, -1)
[1] (0, 1, 2, 7, 9, 10, 11, 12, 13, 9, 14, 7, 15, 17, 16, 18, 19, 21, 20, 22, 23, 24, 25, 26, 3, 4, 5, 6, 8, 3, 4, 5, 6, 8, 27, 28, 29, 3, 4, 5, 6, 8, -1)
[1] (0, 1, 2, 7, 9, 10, 11, 12, 13, 9, 14, 7, 15, 16, 17, 19, 18, 20, 21, 22, 23, 24, 25, 26, 3, 4, 6, 5, 8, 3, 4, 6, 5, 8, 27, 28, 29, -1)
[1] (4, 5, 6, 8, 0, 1, 2, 7, 9, 10, 11, 12, 13, 14, 9, 7, 15, 17, 16, 18, 19, 21, 20, 22, 23, 24, 25, 26, 3, 4, 5, 6, 8, 30, -1)
[1] (0, 1, 2, 7, 9, 10, 11, 12, 13, 14, 9, 7, 15, 17, 16, 18, 19, 21, 20, 22, 23, 24, 25, 26, 3, 4, 5, 6, 8, 30, -1)
[1] (0, 1, 2, 7, 9, 10, 11, 12, 13, 9, 14, 7, 15, 16, 17, 19, 18, 20, 21, 22, 23, 24, 3, 4, 6, 5, 8, 25, 26, 3, 4, 5, 6, 8, 30, -1)
[1] (0, 1, 2, 7, 9, 10, 11, 12, 13, 9, 14, 7, 17, 15, 16, 18, 21, 19, 22, 20, 23, 24, 25, 26, 3, 4, 5, 6, 8, -1)
[1] (0, 1, 2, 7, 9, 10, 11, 12, 13, 14, 9, 7, 15, 17, 16, 18, 19, 21, 22, 20, 23, 24, 25, 26, 3, 4, 5, 6, 8, 30, -1)
[1] (0, 1, 2, 7, 9, 10, 11, 12, 13, 14, 9, 7, 17, 15, 16, 19, 18, 21, 20, 22, 23, 24, 25, 26, 3, 4, 5, 6, 8, -1)
[1] (0, 1, 2, 7, 9, 10, 11, 12, 13, 9, 14, 7, 15, 17, 16, 18, 19, 21, 22, 20, 23, 24, 25, 26, 3, 5, 4, 6, 8, 31, -1)
[1] (0, 1, 2, 3, 7, 9, 5, 4, 6, 8, 10, 11, 12, 13, 9, 14, 7, 15, 17, 16, 19, 18, 20, 21, 22, 23, 24, 25, 26, 3, 4, 6, 5, 8, -1)
[1] (0, 1, 2, 7, 9, 10, 11, 12, 13, 14, 9, 7, 15, 16, 17, 19, 18, 20, 21, 22, 23, 24, 25, 26, 3, 5, 4, 6, 8, -1)
[1] (0, 1, 2, 7, 9, 10, 11, 12, 13, 9, 14, 7, 15, 16, 17, 18, 19, 21, 20, 22, 23, 24, 25, 26, 3, 4, 5, 6, 8, 3, 5, 4, 6, 8, -1)
[1] (0, 1, 2, 7, 9, 10, 11, 12, 14, 13, 9, 7, 15, 17, 16, 18, 19, 20, 21, 22, 23, 24, 25, 26, 3, 4, 6, 5, 8, -1)
[1] (0, 1, 2, 7, 9, 10, 11, 12, 13, 9, 14, 7, 15, 16, 17, 19, 18, 21, 20, 22, 23, 24, 25, 26, 3, 4, 5, 6, 8, 3, 6, 4, 5, 8, 3, 5, 4, 6, 8, -1)
[1] (0, 1, 2, 3, 4, 6, 5, 7, 8, 9, 10, 11, 12, 13, 9, 14, 7, 15, 17, 16, 18, 19, 21, 22, 20, 23, 24, 25, 26, 3, 4, 6, 5, 8, 3, 4, 5, 6, 8, 27, 28, 29, 3, 4, 6, 5, 8, -1)
[1] (0, 1, 2, 7, 9, 10, 11, 12, 13, 14, 9, 7, 15, 17, 16, 19, 18, 20, 21, 22, 23, 24, 25, 26, 3, 5, 4, 6, 8, 30, -1)
[1] (0, 1, 2, 7, 9, 10, 11, 12, 13, 9, 14, 7, 15, 17, 16, 19, 18, 21, 20, 22, 23, 24, 25, 26, 3, 4, 5, 6, 8, 3, 4, 5, 6, 8, -1)
[1] (0, 1, 2, 7, 9, 10, 11, 12, 13, 9, 14, 7, 15, 17, 16, 18, 19, 20, 21, 22, 23, 24, 25, 26, 3, 5, 4, 6, 8, 3, 4, 5, 6, 8, 3, 4, 5, 6, 8, -1)
[1] (0, 1, 2, 7, 9, 10, 11, 12, 13, 9, 14, 7, 15, 17, 16, 18, 19, 20, 21, 22, 23, 24, 25, 26, 3, 4, 5, 6, 8, 3, 4, 5, 6, 8, -1)
[1] (0, 1, 2, 7, 9, 10, 11, 12, 13, 9, 14, 7, 17, 15, 16, 18, 19, 20, 21, 22, 23, 24, 25, 26, 3, 4, 6, 5, 8, -1)
[1] (0, 1, 3, 2, 4, 5, 6, 8, 7, 9, 10, 11, 12, 13, 14, 9, 7, 15, 17, 16, 19, 18, 21, 20, 22, 23, 24, 25, 26, 3, 4, 6, 5, 8, -1)
[1] (0, 1, 2, 7, 9, 10, 11, 12, 13, 9, 14, 7, 15, 17, 16, 18, 21, 19, 20, 22, 23, 24, 25, 26, 3, 5, 4, 6, 8, -1)
[1] (0, 1, 2, 7, 9, 10, 11, 12, 13, 9, 14, 7, 15, 17, 16, 18, 21, 19, 20, 22, 23, 24, 3, 25, 26, 4, 6, 5, 8, -1)
[1] (0, 1, 2, 7, 9, 10, 11, 12, 13, 14, 9, 7, 15, 17, 16, 18, 19, 21, 20, 22, 23, 24, 25, 26, 3, 4, 6, 5, 8, 3, 4, 5, 6, 8, -1)
[1] (0, 1, 2, 7, 9, 3, 10, 11, 5, 4, 6, 12, 8, 13, 9, 14, 7, 15, 17, 16, 19, 18, 21, 20, 22, 23, 24, 25, 26, 3, 4, 5, 6, 8, -1)
[1] (0, 1, 2, 7, 9, 10, 11, 12, 13, 14, 9, 3, 4, 5, 6, 7, 8, 15, 17, 18, 16, 21, 19, 20, 22, 23, 24, 25, 26, 3, -1)
[1] (0, 1, 2, 7, 9, 10, 11, 12, 13, 9, 14, 7, 15, 17, 16, 18, 19, 20, 21, 22, 23, 24, 3, 4, 5, 6, 25, 26, 8, -1)
[1] (0, 1, 2, 7, 9, 3, 10, 4, 5, 6, 11, 12, 8, 13, 9, 14, 7, 15, 17, 16, 18, 19, 21, 20, 22, 23, 24, 25, 26, 3, 4, 6, 5, 8, -1)
[1] (0, 1, 2, 7, 9, 10, 11, 12, 13, 14, 9, 3, 4, 6, 5, 7, 8, 15, 16, 17, 18, 19, 21, 20, 22, 23, 24, 25, 26, -1)
[1] (0, 1, 3, 2, 5, 4, 6, 8, 7, 9, 10, 11, 12, 13, 9, 14, 7, 17, 15, 16, 18, 21, 19, 22, 20, 23, 24, 25, 26, 3, 4, 5, 6, 8, -1)
[1] (0, 1, 2, 7, 9, 10, 11, 12, 13, 9, 14, 7, 15, 17, 16, 18, 19, 21, 22, 20, 23, 3, 4, 5, 6, 8, 24, 25, 26, 3, 5, 4, 6, 8, -1)
[1] (0, 1, 2, 7, 9, 10, 11, 12, 13, 9, 14, 7, 17, 15, 16, 18, 19, 21, 20, 22, 23, 24, 25, 26, 3, 5, 4, 6, 8, 30, -1)
[1] (0, 1, 2, 7, 9, 10, 11, 12, 13, 9, 14, 7, 15, 17, 16, 18, 21, 19, 20, 22, 23, 24, 3, 25, 26, 4, 5, 6, 8, -1)
[1] (0, 1, 2, 7, 9, 10, 11, 12, 13, 9, 14, 7, 17, 15, 16, 18, 21, 19, 20, 22, 23, 24, 25, 26, 3, 4, 5, 6, 8, -1)
[1] (0, 1, 2, 7, 9, 3, 10, 11, 12, 4, 5, 6, 8, 14, 13, 9, 30, 7, 15, 17, 16, 18, 19, 21, 20, 22, 23, 24, 25, 26, 3, 4, 5, 6, 8, -1)
[1] (0, 1, 2, 7, 9, 3, 4, 6, 5, 10, 8, 11, 12, 13, 9, 14, 7, 15, 17, 18, 16, 21, 19, 20, 22, 23, 24, 25, 26, 3, 4, 5, 6, 8, -1)
[1] (0, 1, 2, 7, 9, 10, 11, 12, 13, 14, 9, 7, 15, 17, 16, 18, 21, 19, 20, 22, 23, 24, 25, 26, 3, 4, 6, 5, 8, 3, 4, 5, 6, 8, -1)
[1] (0, 1, 2, 7, 9, 10, 11, 12, 13, 9, 14, 7, 15, 16, 17, 18, 21, 19, 22, 20, 23, 24, 25, 26, 3, 6, 4, 5, 8, -1)
[1] (0, 1, 2, 7, 9, 10, 11, 12, 13, 3, 9, 14, 4, 5, 6, 7, 8, 17, 15, 16, 18, 19, 21, 20, 22, 23, 24, 25, 26, -1)
[1] (0, 1, 2, 7, 9, 10, 11, 12, 13, 9, 14, 7, 15, 16, 17, 18, 21, 19, 20, 22, 23, 24, 25, 26, 3, 5, 4, 6, 8, -1)
[1] (0, 1, 2, 7, 9, 10, 11, 12, 13, 9, 14, 7, 15, 16, 17, 18, 19, 21, 22, 20, 23, 24, 3, 25, 26, 5, 4, 6, 8, 3, 4, 5, 6, 8, -1)
[1] (0, 1, 2, 7, 9, 10, 11, 12, 13, 14, 9, 7, 15, 16, 17, 18, 19, 20, 21, 22, 23, 24, 25, 26, 3, 4, 5, 6, 8, 30, 3, 4, 5, 6, 8, -1)
[1] (0, 1, 2, 7, 9, 10, 11, 12, 13, 14, 9, 7, 15, 17, 16, 18, 19, 21, 20, 22, 23, 24, 3, 25, 26, 6, 5, 4, 8, -1)
[1] (0, 1, 2, 7, 9, 10, 11, 12, 13, 9, 14, 7, 15, 17, 16, 18, 19, 21, 20, 22, 23, 3, 5, 4, 6, 8, 24, 25, 26, -1)
[1] (0, 1, 2, 7, 9, 10, 11, 12, 13, 14, 9, 7, 15, 17, 16, 21, 19, 18, 20, 22, 23, 24, 3, 4, 5, 6, 25, 26, 8, -1)
[1] (0, 1, 2, 7, 9, 10, 11, 12, 13, 9, 14, 7, 15, 16, 17, 18, 21, 19, 20, 22, 23, 24, 25, 26, 3, 4, 5, 6, 8, 27, 28, 29, 3, 4, 6, 5, 8, 30, -1)
[1] (0, 1, 2, 7, 9, 10, 11, 12, 13, 9, 14, 7, 15, 16, 17, 19, 18, 21, 20, 22, 3, 23, 5, 6, 4, 8, 24, 25, 26, -1)
[1] (0, 1, 2, 7, 9, 10, 11, 12, 13, 14, 9, 7, 17, 15, 18, 16, 19, 21, 20, 22, 3, 4, 6, 5, 8, 23, 24, 25, 26, -1)
[1] (0, 1, 2, 7, 9, 10, 11, 12, 13, 14, 9, 7, 15, 17, 16, 18, 19, 21, 20, 22, 23, 24, 25, 26, 3, 5, 6, 4, 8, -1)
[1] (0, 1, 2, 7, 9, 10, 11, 12, 13, 14, 9, 7, 15, 17, 18, 16, 19, 20, 21, 22, 23, 24, 25, 26, 3, 4, 6, 5, 8, -1)
[1] (0, 1, 2, 7, 9, 10, 11, 12, 13, 14, 9, 7, 15, 16, 17, 18, 21, 19, 20, 22, 23, 24, 3, 25, 26, 6, 4, 5, 8, -1)
[1] (0, 1, 2, 7, 9, 10, 11, 13, 9, 12, 7, 14, 3, 4, 5, 6, 8, 15, 17, 16, 19, 18, 20, 21, 22, 23, 24, 25, 26, 3, 4, 6, 5, 8, 30, -1)
[1] (0, 1, 2, 7, 9, 10, 11, 12, 13, 9, 14, 7, 15, 16, 17, 19, 18, 21, 20, 22, 23, 24, 32, 25, 26, 3, 4, 5, 6, 8, -1)
[1] (0, 1, 2, 7, 9, 10, 11, 12, 13, 9, 14, 7, 15, 17, 18, 16, 21, 19, 22, 20, 23, 24, 25, 26, 3, 5, 4, 6, 8, -1)
[1] (0, 1, 2, 7, 9, 10, 11, 12, 13, 14, 9, 7, 17, 15, 18, 16, 21, 19, 20, 22, 23, 24, 25, 26, 3, 4, 6, 5, 8, -1)
[1] (0, 1, 2, 7, 9, 10, 11, 12, 13, 9, 14, 7, 15, 17, 18, 16, 21, 19, 20, 22, 23, 24, 25, 26, 3, 6, 4, 5, 8, 3, 4, 5, 6, 8, -1)
[1] (0, 1, 2, 7, 9, 10, 11, 12, 13, 14, 9, 7, 15, 17, 16, 18, 19, 21, 20, 22, 23, 24, 3, 4, 5, 6, 25, 26, 8, 3, 4, 6, 5, 8, 3, 4, 5, 6, 8, -1)
[1] (0, 1, 2, 7, 9, 10, 11, 12, 13, 9, 14, 7, 15, 16, 17, 18, 19, 21, 20, 22, 3, 4, 6, 5, 8, 23, 24, 25, 26, 3, 4, 5, 6, 8, -1)
[1] (0, 1, 2, 7, 9, 10, 11, 12, 13, 14, 9, 7, 15, 17, 16, 19, 18, 20, 21, 22, 23, 24, 25, 26, 3, 4, 6, 5, 8, 3, 4, 6, 5, 8, 28, 27, 29, -1)
[1] (0, 1, 2, 7, 9, 10, 11, 12, 13, 14, 9, 7, 15, 17, 18, 16, 21, 19, 22, 20, 23, 24, 25, 26, 3, 5, 4, 6, 8, -1)
[1] (0, 1, 2, 7, 9, 10, 11, 12, 13, 9, 14, 3, 4, 5, 6, 7, 8, 15, 17, 16, 18, 19, 21, 20, 22, 23, 24, 25, 26, 3, -1)
[1] (0, 1, 2, 7, 9, 10, 11, 12, 13, 14, 9, 7, 15, 17, 18, 16, 21, 19, 20, 22, 23, 24, 25, 26, 3, 5, 4, 6, 8, -1)
[1] (0, 1, 2, 7, 9, 10, 11, 12, 13, 9, 14, 7, 17, 15, 18, 16, 19, 21, 22, 20, 23, 24, 25, 26, 3, 4, 6, 5, 8, -1)
[1] (0, 1, 2, 7, 9, 10, 11, 12, 13, 9, 14, 7, 15, 16, 17, 19, 18, 21, 20, 22, 23, 24, 25, 26, 3, 4, 6, 5, 8, 3, 4, 5, 6, 8, 27, 28, 29, -1)
[1] (0, 1, 2, 7, 9, 10, 11, 12, 13, 9, 14, 7, 15, 17, 16, 18, 19, 21, 20, 22, 3, 5, 4, 6, 8, 23, 24, 25, 26, -1)
[1] (0, 1, 2, 7, 9, 10, 11, 12, 13, 14, 9, 7, 15, 16, 17, 19, 18, 20, 21, 22, 23, 24, 25, 26, 3, 4, 5, 6, 8, 3, 4, 6, 5, 8, -1)
[1] (0, 1, 2, 7, 9, 10, 11, 12, 13, 9, 14, 7, 15, 17, 16, 18, 19, 21, 20, 22, 23, 24, 3, 25, 26, 5, 4, 6, 8, 3, 4, 5, 6, 8, 3, 4, 5, 6, 8, 27, 28, 29, 3, 4, 5, 6, 8, -1)
[1] (0, 1, 2, 7, 9, 10, 11, 12, 13, 9, 14, 7, 15, 17, 16, 18, 19, 21, 20, 22, 23, 24, 3, 4, 6, 5, 8, 25, 26, -1)
[1] (0, 1, 2, 7, 9, 3, 4, 6, 5, 10, 8, 11, 12, 13, 9, 14, 7, 17, 15, 18, 16, 19, 21, 22, 20, 23, 24, 25, 26, 3, 4, 5, 6, 8, -1)
[1] (0, 1, 2, 7, 9, 10, 11, 12, 13, 9, 14, 7, 3, 4, 5, 6, 8, 15, 17, 18, 16, 19, 21, 20, 22, 23, 24, 25, 26, -1)
[1] (0, 1, 2, 7, 9, 10, 11, 12, 13, 9, 14, 7, 15, 17, 16, 18, 19, 21, 20, 22, 23, 24, 25, 26, 3, 5, 6, 4, 8, -1)
[1] (0, 1, 2, 7, 9, 10, 11, 12, 3, 13, 4, 5, 6, 14, 9, 8, 30, 7, 15, 17, 18, 16, 21, 19, 20, 22, 23, 24, 25, 26, 3, 4, 5, 6, 8, -1)
[1] (0, 1, 2, 7, 9, 10, 11, 12, 13, 9, 14, 7, 15, 17, 16, 19, 18, 20, 21, 22, 23, 24, 3, 5, 4, 6, 8, 25, 26, 3, 4, 6, 5, 8, -1)
[1] (0, 1, 2, 7, 9, 10, 11, 12, 13, 9, 14, 3, 7, 4, 6, 5, 8, 17, 15, 18, 16, 21, 19, 20, 22, 23, 24, 25, 26, -1)
[1] (0, 1, 2, 7, 9, 10, 11, 12, 13, 9, 14, 7, 15, 17, 18, 16, 19, 21, 20, 22, 23, 24, 25, 26, 3, 6, 5, 4, 8, -1)
[1] (3, 0, 1, 5, 4, 6, 8, 2, 7, 9, 10, 11, 12, 13, 9, 14, 7, 15, 17, 16, 18, 19, 21, 20, 22, 23, 24, 25, 26, 3, 4, 5, 6, 8, -1)
[1] (0, 1, 2, 7, 9, 10, 11, 12, 13, 14, 9, 7, 15, 17, 18, 16, 19, 21, 20, 22, 23, 24, 3, 4, 5, 6, 8, 25, 26, -1)
[1] (0, 1, 2, 7, 9, 10, 11, 12, 13, 9, 14, 7, 15, 17, 16, 18, 19, 21, 20, 22, 23, 3, 4, 5, 6, 8, 24, 25, 26, -1)
[1] (4, 5, 6, 8, 0, 1, 2, 7, 9, 10, 11, 12, 13, 14, 9, 7, 15, 17, 16, 19, 18, 20, 21, 22, 23, 24, 25, 26, 3, 5, 4, 6, 8, 27, 28, 29, -1)
[1] (0, 1, 2, 7, 9, 3, 4, 5, 6, 8, 10, 11, 12, 13, 9, 14, 7, 15, 17, 18, 16, 19, 21, 20, 22, 23, 24, 25, 26, 3, 4, 5, 6, 8, -1)
[1] (0, 1, 2, 7, 9, 10, 11, 12, 3, 13, 4, 6, 5, 14, 9, 8, 7, 15, 17, 16, 18, 19, 21, 20, 22, 23, 24, 25, 26, 3, 4, 5, 6, -1)
[1] (0, 1, 2, 7, 9, 10, 11, 3, 12, 13, 5, 4, 6, 14, 9, 8, 7, 15, 17, 16, 19, 18, 21, 20, 22, 23, 24, 25, 26, 3, 5, 4, 6, 8, -1)
[1] (0, 1, 2, 7, 9, 10, 11, 12, 3, 13, 4, 5, 6, 9, 14, 8, 30, 7, 15, 17, 16, 18, 21, 19, 20, 22, 23, 24, 25, 26, 3, -1)
[1] (0, 1, 2, 7, 9, 10, 11, 12, 13, 14, 9, 7, 15, 17, 18, 16, 21, 19, 20, 22, 23, 24, 25, 26, 3, 4, 5, 6, 8, 30, 3, 4, 5, 6, 8, -1)
[1] (0, 1, 2, 7, 9, 10, 11, 12, 13, 14, 9, 7, 15, 17, 16, 18, 19, 21, 20, 22, 23, 24, 3, 4, 6, 5, 8, 25, 26, 3, -1)
[1] (0, 1, 2, 7, 9, 10, 11, 12, 13, 14, 9, 7, 15, 16, 17, 19, 18, 20, 21, 22, 23, 24, 25, 26, 3, 4, 5, 6, 8, 3, 4, 5, 6, 8, -1)
[1] (0, 1, 2, 7, 9, 10, 11, 12, 13, 9, 14, 7, 17, 15, 16, 18, 19, 21, 20, 22, 23, 24, 3, 4, 6, 5, 8, 25, 26, -1)
[1] (0, 1, 2, 7, 9, 10, 11, 12, 13, 14, 9, 7, 15, 17, 18, 16, 19, 21, 20, 22, 23, 24, 25, 26, 3, 4, 5, 6, 8, 3, 4, 6, 5, 8, -1)
[1] (0, 1, 2, 7, 9, 10, 11, 12, 13, 9, 14, 7, 17, 15, 16, 18, 19, 21, 22, 20, 23, 24, 25, 26, 3, 4, 6, 5, 8, -1)
[1] (0, 1, 2, 7, 9, 10, 11, 12, 13, 9, 14, 7, 15, 17, 16, 18, 19, 20, 21, 22, 3, 4, 5, 6, 8, 23, 24, 25, 26, -1)
[1] (0, 1, 2, 7, 9, 10, 11, 12, 14, 13, 9, 7, 15, 17, 16, 18, 19, 21, 20, 22, 23, 24, 25, 26, 3, 4, 5, 6, 8, -1)
[1] (0, 1, 2, 7, 9, 10, 11, 12, 13, 14, 9, 7, 15, 17, 16, 18, 21, 19, 20, 22, 23, 24, 25, 26, 3, 4, 6, 5, 8, -1)
[1] (0, 1, 2, 7, 9, 10, 11, 12, 13, 9, 14, 7, 15, 17, 16, 19, 18, 20, 21, 22, 23, 24, 25, 26, 3, 6, 4, 5, 8, -1)
[1] (0, 1, 2, 7, 9, 10, 11, 12, 13, 14, 9, 7, 17, 15, 16, 18, 19, 21, 20, 22, 23, 24, 3, 6, 5, 4, 8, 25, 26, -1)
[1] (0, 1, 2, 7, 9, 10, 11, 12, 13, 9, 14, 7, 15, 17, 16, 18, 19, 21, 20, 22, 23, 24, 3, 4, 5, 6, 8, 25, 26, 3, 4, 5, 6, 8, -1)
[1] (0, 1, 2, 7, 9, 10, 11, 12, 13, 14, 9, 7, 15, 17, 16, 19, 18, 21, 20, 22, 23, 24, 25, 26, 3, 4, 5, 6, 8, 30, -1)
[1] (0, 1, 2, 7, 9, 10, 11, 12, 13, 14, 9, 7, 15, 17, 16, 18, 19, 21, 20, 22, 23, 24, 3, 25, 26, 4, 5, 6, 8, 3, 4, 5, 6, 8, -1)
[1] (0, 1, 2, 7, 9, 3, 10, 4, 5, 6, 11, 12, 8, 13, 9, 14, 7, 17, 15, 18, 16, 19, 20, 21, 22, 23, 24, 25, 26, 3, 5, 4, 6, 8, -1)
[1] (0, 1, 2, 7, 9, 10, 11, 12, 13, 14, 9, 7, 15, 17, 16, 18, 21, 19, 22, 20, 23, 24, 25, 26, 3, 4, 6, 5, 8, 3, 4, 5, 6, 8, 30, -1)
[1] (0, 1, 2, 7, 9, 10, 11, 12, 13, 9, 14, 7, 3, 4, 6, 5, 8, 17, 15, 16, 18, 19, 21, 20, 22, 23, 24, 25, 26, -1)
[1] (0, 1, 2, 7, 9, 10, 11, 12, 13, 9, 14, 7, 15, 17, 16, 18, 21, 19, 22, 20, 3, 23, 5, 4, 6, 8, 24, 25, 26, -1)
[1] (0, 1, 2, 7, 9, 10, 11, 12, 13, 9, 14, 7, 15, 17, 16, 19, 18, 21, 20, 22, 23, 24, 3, 4, 5, 6, 8, 25, 26, -1)
[1] (0, 1, 2, 7, 9, 10, 11, 12, 13, 3, 9, 14, 4, 5, 6, 8, 7, 15, 17, 18, 16, 19, 21, 22, 20, 23, 24, 25, 26, 3, 4, 5, 6, 8, 27, 28, 29, 3, 4, 5, 6, 8, -1)
[1] (0, 1, 2, 7, 9, 10, 11, 12, 13, 9, 14, 7, 15, 16, 17, 18, 21, 19, 22, 20, 23, 24, 25, 26, 3, 4, 6, 5, 8, -1)
[1] (0, 1, 2, 7, 9, 10, 11, 12, 13, 14, 9, 7, 15, 17, 16, 18, 19, 21, 22, 20, 23, 24, 25, 26, 3, 6, 4, 5, 8, -1)
[1] (0, 1, 2, 7, 9, 10, 11, 12, 13, 14, 9, 7, 15, 16, 17, 18, 19, 21, 20, 22, 23, 24, 3, 25, 26, 5, 4, 6, 8, -1)
[1] (0, 1, 2, 7, 9, 10, 11, 12, 13, 9, 14, 7, 15, 16, 17, 18, 19, 21, 20, 22, 23, 24, 25, 26, 3, 4, 6, 5, 8, 3, 4, 5, 6, 8, 30, -1)
[1] (0, 1, 2, 7, 9, 10, 11, 12, 13, 9, 14, 7, 15, 17, 18, 16, 19, 21, 22, 20, 23, 3, 4, 5, 6, 8, 24, 25, 26, -1)
[1] (0, 1, 2, 7, 9, 10, 11, 12, 13, 14, 9, 3, 7, 4, 6, 5, 8, 15, 17, 16, 18, 19, 20, 21, 22, 23, 24, 25, 26, -1)
[1] (0, 1, 2, 7, 9, 10, 11, 12, 13, 9, 14, 7, 15, 16, 17, 18, 21, 19, 22, 20, 23, 24, 25, 26, 3, 4, 6, 5, 8, 30, -1)
[1] (0, 1, 2, 7, 9, 10, 11, 12, 13, 9, 14, 7, 15, 16, 17, 19, 18, 21, 20, 22, 23, 24, 3, 4, 5, 6, 8, 25, 26, -1)
[1] (0, 1, 2, 7, 9, 10, 11, 12, 13, 9, 14, 7, 15, 17, 16, 18, 19, 21, 20, 22, 23, 24, 25, 26, 3, 5, 4, 6, 8, 30, -1)
[1] (0, 1, 2, 7, 9, 10, 11, 12, 13, 14, 9, 7, 3, 4, 6, 5, 8, 15, 17, 16, 18, 19, 21, 20, 22, 23, 24, 25, 26, -1)
[1] (3, 0, 1, 6, 4, 5, 8, 2, 7, 9, 10, 11, 12, 13, 14, 9, 7, 15, 17, 16, 18, 19, 21, 20, 22, 23, 24, 25, 26, 3, 4, 5, 6, 8, -1)
[1] (0, 1, 2, 7, 9, 10, 11, 12, 3, 13, 9, 4, 6, 5, 14, 8, 7, 15, 17, 16, 18, 19, 20, 21, 22, 23, 24, 25, 26, 3, 5, 4, 6, -1)
[1] (0, 1, 2, 7, 9, 10, 11, 12, 13, 14, 9, 7, 15, 17, 16, 18, 19, 21, 20, 22, 23, 24, 25, 26, 3, 4, 5, 6, 8, 3, 5, 6, 4, 8, 30, -1)
[1] (0, 1, 2, 7, 9, 10, 11, 12, 13, 9, 14, 7, 15, 17, 16, 19, 18, 21, 20, 22, 23, 24, 25, 26, 3, 4, 6, 5, 8, 30, 3, 4, 6, 5, 8, -1)
[1] (0, 1, 2, 7, 9, 10, 11, 12, 13, 14, 9, 7, 15, 17, 16, 18, 19, 20, 21, 22, 23, 24, 25, 26, 3, 4, 5, 6, 8, 30, -1)
[1] (0, 1, 2, 7, 9, 10, 11, 12, 13, 14, 9, 7, 15, 17, 18, 16, 21, 19, 20, 22, 23, 24, 25, 26, 3, 4, 6, 5, 8, -1)
[1] (0, 1, 2, 7, 9, 10, 11, 12, 13, 9, 14, 7, 15, 17, 16, 18, 19, 21, 20, 22, 23, 24, 25, 26, 3, 4, 5, 6, 8, 3, 4, 6, 5, 8, 30, -1)
[1] (0, 1, 2, 7, 9, 10, 3, 11, 12, 4, 6, 5, 13, 9, 8, 14, 7, 15, 17, 16, 19, 18, 21, 20, 22, 23, 24, 25, 26, 3, -1)
[1] (0, 1, 2, 7, 9, 10, 11, 12, 13, 14, 9, 3, 7, 4, 6, 5, 8, 15, 17, 16, 18, 19, 21, 20, 22, 23, 24, 25, 26, -1)
[1] (0, 1, 2, 7, 9, 10, 11, 12, 13, 9, 14, 7, 15, 17, 16, 19, 18, 21, 20, 22, 23, 24, 25, 26, 3, 4, 6, 5, 8, 3, 4, 6, 5, 8, 30, -1)
[1] (0, 1, 2, 7, 9, 3, 4, 5, 6, 10, 8, 11, 12, 13, 14, 9, 7, 15, 16, 17, 18, 19, 20, 21, 22, 23, 24, 25, 26, 3, 4, 5, 6, 8, -1)
[1] (0, 1, 2, 7, 9, 3, 4, 6, 5, 8, 10, 11, 12, 13, 9, 14, 7, 15, 17, 16, 18, 19, 21, 22, 20, 23, 24, 25, 26, 3, 4, 5, 6, 8, -1)
[1] (0, 1, 2, 7, 9, 10, 11, 12, 13, 14, 9, 7, 15, 17, 18, 16, 19, 21, 20, 22, 23, 24, 25, 26, 3, 4, 6, 5, 8, -1)
[1] (0, 1, 2, 7, 9, 10, 11, 12, 13, 14, 9, 7, 15, 16, 17, 18, 19, 20, 21, 22, 23, 24, 25, 26, 3, 4, 6, 5, 8, -1)
[1] (0, 1, 2, 7, 9, 10, 11, 12, 13, 14, 9, 7, 15, 17, 16, 18, 19, 20, 21, 22, 23, 24, 3, 4, 6, 5, 8, 25, 26, 3, 4, 5, 6, 8, -1)
[1] (0, 1, 2, 7, 9, 10, 11, 12, 13, 9, 14, 7, 17, 15, 16, 18, 19, 21, 20, 22, 23, 24, 25, 26, 3, 4, 6, 5, 8, 3, 4, 6, 5, 8, -1)
[1] (0, 1, 2, 3, 4, 5, 6, 7, 8, 9, 10, 11, 12, 13, 14, 9, 7, 15, 16, 17, 18, 19, 20, 21, 22, 23, 24, 25, 26, 3, 4, 6, 5, 8, -1)
[1] (0, 1, 2, 7, 9, 10, 11, 12, 13, 14, 9, 7, 15, 17, 16, 18, 19, 21, 22, 20, 23, 24, 3, 4, 5, 6, 8, 25, 26, -1)
[1] (0, 1, 2, 7, 9, 10, 11, 12, 13, 14, 9, 7, 17, 15, 18, 16, 19, 21, 20, 22, 23, 24, 25, 26, 3, 4, 5, 6, 8, 30, -1)
[1] (0, 1, 2, 7, 9, 10, 11, 12, 13, 14, 9, 7, 15, 17, 18, 16, 21, 19, 20, 22, 23, 24, 25, 26, 3, 5, 4, 6, 8, 3, 4, 6, 5, 8, -1)
[1] (0, 1, 2, 7, 9, 10, 11, 12, 13, 14, 9, 7, 3, 4, 5, 6, 8, 15, 16, 17, 19, 18, 21, 20, 22, 23, 24, 25, 26, -1)
[1] (0, 1, 2, 7, 9, 10, 11, 12, 13, 14, 9, 7, 17, 15, 16, 18, 21, 19, 20, 22, 23, 24, 25, 26, 3, 4, 6, 5, 8, 30, -1)
[1] (0, 1, 2, 7, 9, 3, 10, 4, 5, 6, 11, 12, 8, 13, 9, 14, 7, 15, 17, 16, 18, 19, 21, 20, 22, 23, 24, 25, 26, 3, 5, 4, 6, 8, -1)
[1] (0, 1, 2, 7, 9, 10, 11, 12, 13, 14, 9, 7, 3, 5, 4, 6, 8, 15, 17, 16, 18, 19, 21, 20, 22, 23, 24, 25, 26, -1)
[1] (0, 1, 2, 7, 9, 10, 11, 12, 13, 9, 14, 7, 15, 17, 18, 16, 19, 21, 20, 22, 23, 24, 3, 25, 26, 4, 5, 6, 8, -1)
[1] (0, 1, 2, 7, 9, 10, 11, 12, 13, 9, 14, 7, 17, 15, 16, 19, 18, 20, 21, 22, 23, 24, 25, 26, 3, 4, 6, 5, 8, -1)
[1] (0, 1, 2, 7, 9, 10, 11, 12, 13, 9, 14, 7, 3, 4, 5, 6, 8, 17, 15, 16, 18, 21, 19, 20, 22, 34, 30, 23, 24, 25, 26, -1)
[1] (0, 1, 2, 7, 9, 10, 11, 12, 13, 9, 14, 7, 15, 17, 16, 18, 21, 19, 22, 20, 23, 24, 25, 26, 3, 4, 5, 6, 8, 3, 4, 5, 6, 8, -1)
[1] (0, 1, 2, 7, 9, 10, 11, 12, 13, 14, 9, 3, 7, 5, 4, 6, 8, 15, 17, 16, 18, 19, 21, 22, 20, 23, 24, 25, 26, -1)
[1] (0, 1, 2, 7, 9, 10, 11, 12, 13, 9, 14, 7, 15, 16, 17, 18, 19, 21, 20, 22, 23, 24, 25, 26, 3, 4, 5, 6, 8, 3, 4, 5, 6, 8, 30, -1)
[1] (0, 1, 2, 7, 9, 10, 13, 11, 9, 12, 14, 7, 15, 17, 16, 19, 18, 20, 21, 22, 23, 24, 25, 26, 3, 4, 6, 5, 8, -1)
[1] (8, 0, 1, 2, 7, 9, 10, 11, 12, 13, 9, 14, 7, 15, 17, 16, 18, 21, 19, 20, 22, 23, 24, 25, 26, 3, 5, 4, 6, 8, -1)
[1] (0, 1, 2, 7, 9, 10, 3, 11, 12, 4, 5, 6, 13, 9, 8, 14, 7, 15, 16, 17, 19, 18, 20, 21, 22, 23, 24, 25, 26, 3, 4, 5, 6, -1)
[1] (0, 1, 2, 7, 9, 10, 11, 12, 13, 9, 14, 7, 15, 16, 17, 19, 18, 21, 22, 20, 23, 24, 25, 26, 3, 4, 5, 6, 8, -1)
[1] (0, 1, 2, 7, 9, 10, 11, 12, 13, 9, 7, 14, 15, 17, 16, 18, 21, 19, 20, 22, 23, 24, 25, 26, 3, 4, 6, 5, 8, -1)
[1] (0, 1, 2, 7, 9, 10, 11, 12, 13, 14, 9, 7, 15, 16, 17, 18, 19, 20, 21, 22, 23, 24, 25, 26, 3, 4, 5, 6, 8, 30, -1)
[1] (0, 1, 2, 7, 9, 10, 11, 12, 13, 9, 14, 7, 15, 17, 16, 18, 19, 21, 20, 22, 23, 24, 25, 26, 3, 4, 5, 6, 8, 30, 3, 4, 6, 5, 8, -1)
[1] (0, 1, 2, 7, 9, 10, 11, 12, 13, 14, 9, 7, 15, 16, 17, 19, 18, 20, 21, 22, 23, 24, 25, 26, 3, 4, 6, 5, 8, 30, -1)
[1] (0, 1, 2, 7, 9, 10, 11, 12, 13, 14, 9, 7, 15, 16, 17, 18, 19, 20, 21, 22, 23, 24, 25, 26, 3, 4, 6, 5, 8, 30, -1)
[1] (0, 1, 2, 7, 9, 10, 11, 12, 13, 14, 9, 7, 15, 16, 17, 18, 19, 21, 20, 22, 3, 4, 5, 6, 8, 23, 24, 25, 26, -1)
[1] (0, 1, 2, 7, 9, 3, 5, 4, 6, 8, 10, 11, 12, 13, 9, 14, 7, 15, 16, 17, 19, 18, 21, 20, 22, 23, 24, 25, 26, 3, 4, 5, 6, 8, -1)
[1] (0, 1, 2, 7, 9, 10, 11, 12, 13, 14, 9, 7, 17, 15, 16, 18, 21, 19, 20, 22, 23, 24, 25, 26, 3, 5, 4, 6, 8, -1)
[1] (0, 1, 2, 7, 9, 10, 11, 12, 13, 14, 9, 7, 15, 17, 16, 18, 19, 20, 21, 22, 23, 24, 3, 5, 4, 6, 8, 25, 26, -1)
[1] (5, 6, 4, 8, 0, 1, 2, 7, 9, 10, 11, 12, 13, 9, 14, 7, 17, 15, 16, 18, 19, 21, 22, 20, 23, 24, 25, 26, 3, 4, 5, 6, 8, -1)
[1] (0, 1, 2, 7, 9, 10, 3, 11, 12, 4, 5, 6, 13, 8, 9, 14, 30, 7, 17, 15, 16, 18, 19, 21, 20, 22, 23, 3, 4, 5, 6, 8, 24, 25, 26, -1)
[1] (0, 1, 2, 7, 9, 10, 11, 12, 13, 14, 3, 9, 4, 5, 6, 7, 8, 15, 17, 16, 19, 18, 21, 20, 22, 23, 24, 25, 26, -1)
[1] (0, 1, 2, 7, 9, 10, 11, 12, 13, 9, 14, 7, 15, 17, 16, 18, 19, 21, 20, 22, 23, 24, 25, 26, 3, 5, 4, 6, 8, 3, 4, 5, 6, 8, -1)
[1] (0, 1, 2, 7, 9, 3, 10, 11, 12, 4, 5, 6, 13, 8, 9, 14, 7, 15, 16, 17, 19, 18, 21, 20, 22, 23, 24, 25, 26, 3, 4, 6, 5, 8, -1)
[1] (0, 1, 2, 7, 9, 3, 10, 5, 6, 4, 11, 8, 12, 13, 9, 14, 7, 15, 17, 16, 18, 21, 20, 19, 22, 23, 24, 25, 26, 3, 4, 6, 5, 8, -1)
[1] (0, 1, 2, 7, 9, 10, 11, 12, 13, 9, 14, 7, 15, 16, 17, 18, 19, 21, 20, 22, 23, 3, 5, 4, 6, 8, 24, 25, 26, -1)
[1] (0, 1, 2, 7, 9, 10, 11, 12, 13, 9, 14, 7, 15, 16, 17, 18, 19, 20, 21, 22, 23, 24, 25, 26, 3, 4, 6, 5, 8, 3, 4, 5, 6, 8, -1)
[1] (0, 1, 2, 7, 9, 10, 11, 12, 13, 9, 14, 7, 15, 17, 16, 18, 19, 21, 20, 22, 23, 24, 25, 26, 3, 6, 5, 4, 8, -1)
[1] (0, 1, 2, 7, 9, 3, 5, 4, 6, 10, 11, 13, 12, 9, 8, 14, 7, 15, 17, 16, 19, 18, 21, 20, 22, 23, 24, 25, 26, 3, 4, 6, 5, 8, -1)
[1] (0, 1, 2, 7, 9, 10, 11, 12, 13, 14, 9, 3, 7, 4, 5, 6, 8, 15, 17, 16, 18, 19, 21, 20, 22, 23, 24, 25, 26, 3, 4, 5, 6, 8, 30, 3, 4, 5, 6, 8, -1)
[1] (0, 1, 2, 7, 9, 10, 11, 12, 13, 9, 14, 7, 15, 17, 16, 18, 21, 19, 22, 20, 23, 24, 25, 26, 3, 5, 4, 6, 8, 3, 4, 5, 6, 8, -1)
[1] (0, 1, 2, 7, 9, 3, 4, 5, 6, 10, 8, 11, 12, 13, 9, 14, 7, 15, 17, 16, 19, 18, 20, 21, 22, 23, 24, 25, 26, 3, 4, 6, 5, 8, -1)
[1] (0, 1, 2, 7, 9, 10, 11, 12, 14, 13, 9, 7, 15, 17, 16, 18, 19, 21, 20, 22, 23, 24, 25, 26, 3, 4, 5, 6, 8, 3, 4, 5, 6, 8, 3, 4, 5, 6, 8, -1)
[1] (0, 1, 2, 7, 9, 3, 4, 6, 5, 8, 10, 11, 12, 13, 9, 14, 7, 15, 17, 16, 18, 19, 21, 20, 22, 23, 24, 25, 26, 3, 5, 4, 6, 8, -1)
[1] (0, 1, 2, 7, 9, 10, 11, 12, 13, 9, 14, 7, 3, 5, 6, 4, 8, 15, 17, 16, 18, 21, 19, 20, 22, 23, 24, 25, 26, -1)
[1] (0, 1, 2, 7, 9, 10, 11, 12, 13, 9, 14, 7, 17, 15, 16, 18, 21, 19, 22, 20, 23, 24, 25, 26, 3, 5, 4, 6, 8, -1)
[1] (0, 1, 2, 7, 9, 10, 11, 12, 13, 9, 14, 7, 15, 17, 18, 16, 21, 19, 22, 20, 23, 24, 3, 4, 5, 6, 8, 25, 26, 3, 6, 4, 5, 8, 27, 28, 29, -1)
[1] (0, 1, 2, 7, 9, 10, 11, 13, 9, 12, 14, 7, 15, 17, 18, 16, 21, 19, 20, 22, 23, 24, 25, 26, 3, 4, 5, 6, 8, 3, 4, 6, 5, 8, -1)
[1] (0, 1, 2, 7, 9, 10, 11, 12, 13, 9, 14, 7, 15, 17, 18, 16, 19, 21, 22, 20, 23, 24, 25, 26, 3, 6, 4, 5, 8, -1)
[1] (8, 0, 1, 2, 7, 9, 10, 11, 12, 13, 9, 14, 7, 15, 17, 16, 18, 19, 21, 20, 22, 23, 24, 25, 26, 3, 5, 4, 6, 8, -1)
[1] (0, 1, 2, 7, 9, 10, 11, 12, 13, 9, 14, 7, 15, 17, 16, 18, 19, 21, 20, 22, 23, 24, 3, 4, 5, 6, 8, 25, 26, 30, -1)
[1] (0, 1, 2, 7, 9, 10, 11, 12, 13, 9, 14, 7, 15, 17, 16, 18, 19, 21, 20, 22, 23, 3, 4, 5, 6, 8, 24, 30, 25, 26, -1)
[1] (0, 1, 2, 7, 9, 10, 11, 12, 13, 14, 9, 7, 3, 4, 5, 6, 8, 17, 15, 16, 18, 21, 19, 20, 22, 23, 24, 25, 26, -1)
[1] (0, 1, 2, 7, 9, 10, 11, 12, 13, 14, 9, 7, 15, 17, 16, 18, 19, 20, 21, 22, 23, 24, 3, 4, 5, 6, 8, 25, 26, -1)
[1] (0, 1, 2, 7, 9, 10, 11, 12, 13, 14, 9, 7, 15, 17, 16, 18, 19, 21, 20, 22, 23, 24, 25, 26, 3, 5, 4, 6, 8, 27, 28, 29, -1)
[1] (0, 1, 2, 7, 9, 10, 11, 12, 14, 13, 9, 7, 15, 16, 17, 18, 21, 19, 22, 20, 23, 24, 25, 26, 3, 4, 5, 6, 8, -1)
[1] (0, 1, 2, 7, 9, 10, 11, 12, 13, 9, 14, 7, 15, 17, 18, 16, 19, 21, 20, 22, 23, 24, 25, 26, 3, 4, 6, 5, 8, 30, 3, 4, 5, 6, 8, -1)
[1] (0, 1, 2, 7, 9, 10, 11, 13, 12, 9, 14, 7, 15, 17, 16, 18, 19, 20, 21, 22, 23, 3, 5, 4, 6, 8, 24, 25, 26, -1)
[1] (0, 1, 2, 7, 9, 10, 11, 12, 13, 9, 14, 7, 15, 17, 18, 16, 21, 19, 20, 22, 23, 24, 25, 26, 3, 4, 5, 6, 8, 3, 4, 5, 6, 8, 3, -1)
[1] (0, 1, 2, 7, 9, 10, 11, 12, 13, 14, 9, 7, 15, 16, 17, 19, 18, 21, 20, 22, 23, 24, 3, 4, 6, 5, 8, 25, 26, -1)
[1] (0, 1, 2, 7, 9, 10, 11, 12, 13, 9, 14, 7, 3, 4, 6, 5, 8, 15, 17, 16, 18, 19, 21, 22, 20, 23, 24, 25, 26, -1)
[1] (0, 1, 2, 7, 9, 10, 11, 12, 13, 14, 9, 7, 15, 17, 16, 18, 19, 21, 20, 22, 23, 24, 3, 5, 4, 6, 8, 25, 26, -1)
[1] (0, 1, 2, 7, 9, 10, 11, 12, 13, 14, 9, 7, 15, 17, 16, 19, 18, 21, 20, 22, 23, 24, 25, 26, 3, 4, 5, 6, 8, 30, 3, 4, 5, 6, 8, -1)
[1] (0, 1, 2, 7, 9, 10, 11, 12, 13, 9, 14, 7, 17, 15, 16, 18, 19, 21, 20, 22, 23, 24, 25, 26, 3, 6, 5, 4, 8, -1)
[1] (0, 1, 2, 7, 9, 10, 11, 12, 13, 14, 9, 7, 15, 17, 16, 18, 19, 21, 20, 22, 23, 24, 25, 26, 3, 4, 6, 5, 8, 3, 4, 6, 5, 8, 30, -1)
[1] (0, 1, 2, 7, 9, 10, 11, 12, 14, 13, 9, 7, 17, 15, 16, 18, 19, 21, 20, 22, 23, 24, 25, 26, 3, 4, 5, 6, 8, -1)
Average length: 31

Connectable templates: 
set([0, 2, 7, 8, 9, 10, 11, 12, 13, 14, 15, 16, 17, 18, 19, 20, 21, 22, 23, 24, 25, 26, 27, 28, 29, 32, 33, 35, 36, 37])
Multi-value connections: 
set([2, 7, 9, 10, 11, 12, 13, 14, 15, 16, 17, 18, 19, 20, 21, 22, 24])

Filtering out: set([(1, u'[-] Starting new HTTP connection (OS_NUMBER): OS_IP')])
Strong relations:
['( 9[0] -> 10[0] )', '( 24[0] -> 25[0] )', '( 2[0] -> 7[0] )', '( 25[0] -> 26[0] )', '( 7[0] -> 9[0] )', '( 26[0] -> -1[0] )', '( 0[0] -> 2[0] )', '( 23[0] -> 24[0] )']
Weak relations:
['( 17[0] ~> 21[0] )', '( 7[1] ~> 17[0] )', '( 20[0] ~> 23[0] )', '( 16[0] ~> 19[0] )', '( 19[0] ~> 22[0] )', '( 13[0] ~> 9[1] )', '( 18[0] ~> 22[0] )', '( 15[0] ~> 18[0] )', '( 7[1] ~> 15[0] )', '( 9[1] ~> 7[1] )', '( 12[0] ~> 7[1] )', '( 17[0] ~> 19[0] )', '( 17[0] ~> 18[0] )', '( 16[0] ~> 21[0] )', '( 22[0] ~> 23[0] )', '( 15[0] ~> 16[0] )', '( 21[0] ~> 23[0] )', '( 14[0] ~> 17[0] )', '( 11[0] ~> 9[1] )', '( 14[0] ~> 15[0] )', '( 10[0] ~> 11[0] )', '( 12[0] ~> 14[0] )', '( 18[0] ~> 20[0] )', '( 16[0] ~> 20[0] )', '( 10[0] ~> 13[0] )', '( 11[0] ~> 12[0] )']

Transitions:
('q_(0, 0)', 2) set(['q_(2, 0)'])
('q_(16, 0)', 19) set(['q_(19, 0)', 'q_(16, 0)'])
('q_(17, 0)', 19) set(['q_(19, 0)', 'q_(17, 0)'])
('q_(18, 0)', 22) set(['q_(18, 0)', 'q_(22, 0)'])
('q_(20, 0)', 23) set(['q_(23, 0)'])
('q_(14, 0)', 17) set(['q_(17, 0)', 'q_(14, 0)'])
('q_(2, 0)', 7) set(['q_(7, 0)'])
('q_(7, 0)', 9) set(['q_(9, 0)'])
('q_(10, 0)', 11) set(['q_(11, 0)', 'q_(10, 0)'])
('q_(7, 1)', 17) set(['q_(17, 0)', 'q_(7, 1)'])
('q_(19, 0)', 22) set(['q_(22, 0)'])
('q_(15, 0)', 16) set(['q_(16, 0)', 'q_(15, 0)'])
('q_(22, 0)', 23) set(['q_(23, 0)'])
('q_(7, 1)', 15) set(['q_(7, 1)', 'q_(15, 0)'])
('q_(26, 0)', -1) set(['q_(-1, 0)'])
('q_(21, 0)', 23) set(['q_(23, 0)'])
('q_(9, 0)', 10) set(['q_(10, 0)'])
('q_(16, 0)', 21) set(['q_(16, 0)', 'q_(21, 0)'])
('q_(24, 0)', 25) set(['q_(25, 0)'])
('q_(18, 0)', 20) set(['q_(18, 0)', 'q_(20, 0)'])
('q_(25, 0)', 26) set(['q_(26, 0)'])
('q_(10, 0)', 13) set(['q_(13, 0)', 'q_(10, 0)'])
('q_(17, 0)', 21) set(['q_(17, 0)', 'q_(21, 0)'])
('q_(11, 0)', 12) set(['q_(12, 0)', 'q_(11, 0)'])
('q_(16, 0)', 20) set(['q_(16, 0)', 'q_(20, 0)'])
('q_(9, 1)', 7) set(['q_(7, 1)'])
('q_(12, 0)', 7) set(['q_(12, 0)', 'q_(7, 1)'])
('q_(13, 0)', 9) set(['q_(9, 1)'])
('q_(17, 0)', 18) set(['q_(18, 0)', 'q_(17, 0)'])
('q_(15, 0)', 18) set(['q_(18, 0)', 'q_(15, 0)'])
('q_(12, 0)', 14) set(['q_(12, 0)', 'q_(14, 0)'])
('q_(11, 0)', 9) set(['q_(11, 0)', 'q_(9, 1)'])
('q0', 0) set(['q_(0, 0)'])
('q_(14, 0)', 15) set(['q_(15, 0)', 'q_(14, 0)'])
('q_(23, 0)', 24) set(['q_(24, 0)'])

Filtered Message Sequences:
[SUCCESSFUL] [0, 2, 7, 9, 10, 11, 12, 14, 13, 9, 7, 15, 17, 16, 19, 18, 20, 21, 22, 23, 24, 25, 26, -1]
[SUCCESSFUL] [0, 2, 7, 9, 10, 11, 12, 13, 9, 14, 7, 15, 16, 17, 18, 19, 20, 21, 22, 23, 24, 25, 26, -1]
[SUCCESSFUL] [0, 2, 7, 9, 10, 11, 12, 13, 9, 14, 7, 15, 16, 17, 19, 18, 21, 22, 20, 23, 24, 25, 26, -1]
[SUCCESSFUL] [0, 2, 7, 9, 10, 11, 12, 13, 9, 14, 7, 15, 17, 18, 16, 21, 19, 20, 22, 23, 24, 25, 26, -1]
[SUCCESSFUL] [0, 2, 7, 9, 10, 13, 11, 9, 12, 14, 7, 15, 17, 16, 19, 18, 20, 21, 22, 23, 24, 25, 26, -1]
[SUCCESSFUL] [0, 2, 7, 9, 10, 11, 12, 13, 9, 14, 7, 17, 15, 16, 18, 19, 21, 20, 22, 23, 24, 25, 26, -1]
[SUCCESSFUL] [0, 2, 7, 9, 10, 11, 12, 13, 9, 14, 7, 15, 17, 16, 19, 18, 21, 22, 20, 23, 24, 25, 26, -1]
[SUCCESSFUL] [0, 2, 7, 9, 10, 11, 12, 13, 9, 14, 7, 17, 15, 18, 16, 19, 20, 21, 22, 23, 24, 25, 26, -1]
[SUCCESSFUL] [0, 2, 7, 9, 10, 11, 12, 13, 9, 14, 7, 17, 15, 16, 18, 21, 19, 20, 22, 23, 24, 25, 26, -1]
[SUCCESSFUL] [0, 2, 7, 9, 10, 11, 12, 13, 14, 9, 7, 15, 16, 17, 18, 21, 19, 20, 22, 23, 24, 25, 26, -1]
[SUCCESSFUL] [0, 2, 7, 9, 10, 11, 12, 13, 14, 9, 7, 15, 16, 17, 18, 19, 21, 20, 22, 23, 24, 25, 26, -1]
[SUCCESSFUL] [0, 2, 7, 9, 10, 11, 12, 13, 9, 14, 7, 15, 16, 17, 18, 19, 21, 20, 22, 23, 24, 25, 26, -1]
[SUCCESSFUL] [0, 2, 7, 9, 10, 11, 13, 9, 12, 14, 7, 15, 17, 18, 16, 21, 19, 20, 22, 23, 24, 25, 26, -1]
[SUCCESSFUL] [0, 2, 7, 9, 10, 11, 12, 13, 14, 9, 7, 15, 17, 16, 18, 19, 21, 20, 22, 23, 24, 25, 26, -1]
[SUCCESSFUL] [0, 2, 7, 9, 10, 11, 12, 13, 14, 9, 7, 15, 17, 16, 18, 21, 19, 20, 22, 23, 24, 25, 26, -1]
[SUCCESSFUL] [0, 2, 7, 9, 10, 11, 12, 13, 14, 9, 7, 15, 17, 18, 16, 19, 20, 21, 22, 23, 24, 25, 26, -1]
[SUCCESSFUL] [0, 2, 7, 9, 10, 11, 12, 13, 9, 7, 14, 15, 17, 16, 18, 21, 19, 20, 22, 23, 24, 25, 26, -1]
[SUCCESSFUL] [0, 2, 7, 9, 10, 11, 12, 13, 9, 14, 7, 17, 15, 18, 16, 19, 21, 22, 20, 23, 24, 25, 26, -1]
[SUCCESSFUL] [0, 2, 7, 9, 10, 11, 12, 13, 9, 14, 7, 15, 17, 16, 18, 19, 20, 21, 22, 23, 24, 25, 26, -1]
[SUCCESSFUL] [0, 2, 7, 9, 10, 11, 12, 13, 14, 9, 7, 15, 17, 18, 16, 21, 19, 20, 22, 23, 24, 25, 26, -1]
[SUCCESSFUL] [0, 2, 7, 9, 10, 11, 13, 9, 12, 7, 14, 15, 17, 16, 19, 18, 20, 21, 22, 23, 24, 25, 26, -1]
[SUCCESSFUL] [0, 2, 7, 9, 10, 11, 12, 13, 14, 9, 7, 17, 15, 18, 16, 21, 19, 20, 22, 23, 24, 25, 26, -1]
[SUCCESSFUL] [0, 2, 7, 9, 10, 11, 12, 14, 13, 9, 7, 15, 17, 16, 18, 19, 20, 21, 22, 23, 24, 25, 26, -1]
[SUCCESSFUL] [0, 2, 7, 9, 10, 11, 12, 13, 9, 14, 7, 15, 17, 18, 16, 21, 19, 22, 20, 23, 24, 25, 26, -1]
[SUCCESSFUL] [0, 2, 7, 9, 10, 11, 12, 13, 14, 9, 7, 17, 15, 16, 18, 19, 21, 20, 22, 23, 24, 25, 26, -1]
[SUCCESSFUL] [0, 2, 7, 9, 10, 11, 12, 13, 9, 14, 7, 17, 15, 18, 16, 21, 19, 20, 22, 23, 24, 25, 26, -1]
[SUCCESSFUL] [0, 2, 7, 9, 10, 11, 12, 13, 9, 14, 7, 15, 17, 16, 18, 21, 20, 19, 22, 23, 24, 25, 26, -1]
[SUCCESSFUL] [0, 2, 7, 9, 10, 11, 12, 13, 9, 14, 7, 17, 15, 16, 18, 19, 20, 21, 22, 23, 24, 25, 26, -1]
[SUCCESSFUL] [0, 2, 7, 9, 10, 11, 12, 13, 14, 9, 7, 17, 15, 16, 18, 21, 19, 20, 22, 23, 24, 25, 26, -1]
[SUCCESSFUL] [0, 2, 7, 9, 10, 11, 12, 13, 14, 9, 7, 17, 15, 18, 16, 19, 21, 20, 22, 23, 24, 25, 26, -1]
[SUCCESSFUL] [0, 2, 7, 9, 10, 11, 12, 13, 9, 14, 7, 17, 15, 16, 19, 18, 21, 20, 22, 23, 24, 25, 26, -1]
[SUCCESSFUL] [0, 2, 7, 9, 10, 11, 12, 13, 9, 14, 7, 15, 16, 17, 19, 18, 21, 20, 22, 23, 24, 25, 26, -1]
[SUCCESSFUL] [0, 2, 7, 9, 10, 11, 13, 12, 9, 14, 7, 15, 17, 16, 18, 19, 20, 21, 22, 23, 24, 25, 26, -1]
[SUCCESSFUL] [0, 2, 7, 9, 10, 11, 12, 14, 13, 9, 7, 15, 16, 17, 18, 19, 20, 21, 22, 23, 24, 25, 26, -1]
[SUCCESSFUL] [0, 2, 7, 9, 10, 11, 12, 13, 14, 9, 7, 15, 17, 16, 18, 19, 21, 22, 20, 23, 24, 25, 26, -1]
[SUCCESSFUL] [0, 2, 7, 9, 10, 11, 12, 14, 13, 9, 7, 15, 16, 17, 18, 21, 19, 22, 20, 23, 24, 25, 26, -1]
[SUCCESSFUL] [0, 2, 7, 9, 10, 11, 12, 13, 14, 9, 7, 15, 17, 16, 19, 18, 21, 20, 22, 23, 24, 25, 26, -1]
[SUCCESSFUL] [0, 2, 7, 9, 10, 11, 12, 13, 9, 14, 7, 15, 16, 17, 18, 19, 21, 22, 20, 23, 24, 25, 26, -1]
[SUCCESSFUL] [0, 2, 7, 9, 10, 11, 12, 13, 14, 9, 7, 17, 15, 16, 18, 21, 19, 22, 20, 23, 24, 25, 26, -1]
[SUCCESSFUL] [0, 2, 7, 9, 10, 11, 12, 13, 14, 9, 7, 15, 17, 16, 18, 19, 20, 21, 22, 23, 24, 25, 26, -1]
[SUCCESSFUL] [0, 2, 7, 9, 10, 11, 12, 13, 9, 14, 7, 15, 17, 18, 16, 19, 21, 20, 22, 23, 24, 25, 26, -1]
[SUCCESSFUL] [0, 2, 7, 9, 10, 11, 12, 13, 14, 9, 7, 15, 16, 17, 19, 18, 20, 21, 22, 23, 24, 25, 26, -1]
[SUCCESSFUL] [0, 2, 7, 9, 10, 11, 12, 13, 9, 14, 7, 15, 16, 17, 18, 21, 19, 22, 20, 23, 24, 25, 26, -1]
[SUCCESSFUL] [0, 2, 7, 9, 10, 11, 12, 13, 14, 9, 7, 17, 15, 16, 18, 19, 21, 22, 20, 23, 24, 25, 26, -1]
[SUCCESSFUL] [0, 2, 7, 9, 10, 11, 12, 13, 14, 9, 7, 17, 15, 16, 18, 19, 20, 21, 22, 23, 24, 25, 26, -1]
[SUCCESSFUL] [0, 2, 7, 9, 10, 11, 12, 13, 9, 14, 7, 15, 16, 17, 19, 18, 20, 21, 22, 23, 24, 25, 26, -1]
[SUCCESSFUL] [0, 2, 7, 9, 10, 11, 12, 13, 14, 9, 7, 17, 15, 16, 19, 18, 21, 20, 22, 23, 24, 25, 26, -1]
[SUCCESSFUL] [0, 2, 7, 9, 10, 11, 12, 13, 14, 9, 7, 15, 17, 18, 16, 19, 21, 22, 20, 23, 24, 25, 26, -1]
[SUCCESSFUL] [0, 2, 7, 9, 10, 11, 12, 13, 14, 9, 7, 15, 16, 17, 18, 21, 19, 22, 20, 23, 24, 25, 26, -1]
[SUCCESSFUL] [0, 2, 7, 9, 10, 11, 13, 12, 9, 14, 7, 15, 17, 16, 19, 18, 21, 20, 22, 23, 24, 25, 26, -1]
[SUCCESSFUL] [0, 2, 7, 9, 10, 11, 12, 13, 9, 14, 7, 17, 15, 16, 19, 18, 20, 21, 22, 23, 24, 25, 26, -1]
[SUCCESSFUL] [0, 2, 7, 9, 10, 11, 13, 9, 12, 7, 14, 15, 17, 16, 18, 19, 21, 20, 22, 23, 24, 25, 26, -1]
[SUCCESSFUL] [0, 2, 7, 9, 10, 11, 12, 13, 14, 9, 7, 15, 17, 18, 16, 21, 19, 22, 20, 23, 24, 25, 26, -1]
[SUCCESSFUL] [0, 2, 7, 9, 10, 11, 12, 13, 9, 14, 7, 15, 17, 16, 18, 19, 22, 21, 20, 23, 24, 25, 26, -1]
[SUCCESSFUL] [0, 2, 7, 9, 10, 11, 12, 13, 14, 9, 7, 15, 16, 17, 19, 18, 21, 20, 22, 23, 24, 25, 26, -1]
[SUCCESSFUL] [0, 2, 7, 9, 10, 11, 12, 14, 13, 9, 7, 15, 16, 17, 18, 19, 21, 20, 22, 23, 24, 25, 26, -1]
[SUCCESSFUL] [0, 2, 7, 9, 10, 11, 12, 13, 14, 9, 7, 15, 17, 16, 18, 20, 21, 19, 22, 23, 24, 25, 26, -1]
[SUCCESSFUL] [0, 2, 7, 9, 10, 11, 12, 13, 9, 14, 7, 15, 17, 16, 18, 19, 21, 20, 22, 23, 24, 25, 26, -1]
[SUCCESSFUL] [0, 2, 7, 9, 10, 11, 13, 12, 9, 14, 7, 17, 15, 16, 18, 21, 19, 20, 22, 23, 24, 25, 26, -1]
[SUCCESSFUL] [0, 2, 7, 9, 10, 11, 12, 14, 13, 9, 7, 15, 17, 16, 18, 19, 21, 20, 22, 23, 24, 25, 26, -1]
[SUCCESSFUL] [0, 2, 7, 9, 10, 11, 12, 13, 14, 9, 7, 15, 17, 16, 18, 21, 19, 22, 20, 23, 24, 25, 26, -1]
[SUCCESSFUL] [0, 2, 7, 9, 10, 11, 12, 14, 13, 9, 7, 17, 15, 16, 18, 19, 21, 20, 22, 23, 24, 25, 26, -1]
[SUCCESSFUL] [0, 2, 7, 9, 10, 11, 12, 13, 14, 9, 7, 15, 17, 16, 19, 18, 20, 21, 22, 23, 24, 25, 26, -1]
[SUCCESSFUL] [0, 2, 7, 9, 10, 11, 12, 13, 9, 14, 7, 15, 17, 18, 16, 19, 20, 21, 22, 23, 24, 25, 26, -1]
[SUCCESSFUL] [0, 2, 7, 9, 10, 11, 12, 13, 14, 9, 7, 15, 17, 18, 16, 19, 21, 20, 22, 23, 24, 25, 26, -1]
[SUCCESSFUL] [0, 2, 7, 9, 10, 11, 12, 13, 9, 14, 7, 17, 15, 18, 16, 21, 19, 22, 20, 23, 24, 25, 26, -1]
[SUCCESSFUL] [0, 2, 7, 9, 10, 11, 12, 13, 9, 14, 7, 17, 15, 16, 18, 19, 21, 22, 20, 23, 24, 25, 26, -1]
[SUCCESSFUL] [0, 2, 7, 9, 10, 11, 12, 13, 9, 14, 7, 17, 15, 18, 16, 19, 21, 20, 22, 23, 24, 25, 26, -1]
[SUCCESSFUL] [0, 2, 7, 9, 10, 11, 12, 13, 9, 14, 7, 15, 17, 16, 18, 21, 19, 22, 20, 23, 24, 25, 26, -1]
[SUCCESSFUL] [0, 2, 7, 9, 10, 11, 12, 13, 9, 14, 7, 17, 15, 16, 18, 21, 19, 22, 20, 23, 24, 25, 26, -1]
[SUCCESSFUL] [0, 2, 7, 9, 10, 11, 12, 14, 13, 9, 7, 15, 17, 16, 19, 18, 21, 20, 22, 23, 24, 25, 26, -1]
[SUCCESSFUL] [0, 2, 7, 9, 10, 11, 12, 13, 9, 14, 7, 15, 17, 18, 16, 19, 21, 22, 20, 23, 24, 25, 26, -1]
[SUCCESSFUL] [0, 2, 7, 9, 10, 11, 12, 13, 9, 14, 7, 15, 16, 17, 18, 21, 19, 20, 22, 23, 24, 25, 26, -1]
[SUCCESSFUL] [0, 2, 7, 9, 10, 11, 12, 13, 9, 14, 7, 15, 17, 16, 19, 18, 21, 20, 22, 23, 24, 25, 26, -1]
[SUCCESSFUL] [0, 2, 7, 9, 10, 11, 12, 13, 9, 14, 7, 15, 17, 16, 18, 19, 21, 22, 20, 23, 24, 25, 26, -1]
[SUCCESSFUL] [0, 2, 7, 9, 10, 11, 12, 13, 9, 14, 7, 15, 17, 16, 18, 21, 19, 20, 22, 23, 24, 25, 26, -1]
[SUCCESSFUL] [0, 2, 7, 9, 10, 11, 12, 13, 14, 9, 7, 15, 17, 16, 21, 19, 18, 20, 22, 23, 24, 25, 26, -1]
[SUCCESSFUL] [0, 2, 7, 9, 10, 11, 12, 13, 9, 14, 7, 15, 17, 16, 19, 18, 20, 21, 22, 23, 24, 25, 26, -1]
[SUCCESSFUL] [0, 2, 7, 9, 10, 11, 12, 13, 14, 9, 7, 15, 16, 17, 18, 19, 20, 21, 22, 23, 24, 25, 26, -1]
[Stats]: 79, 0
[Stats]: All sequences accepted
stored to:  c:/Users/xiyu\.osloganal/logprocessing/automata/novaboot
